#
# There is insufficient memory for the Java Runtime Environment to continue.
# Native memory allocation (mmap) failed to map 1451229184 bytes. Error detail: G1 virtual space
# Possible reasons:
#   The system is out of physical RAM or swap space
#   This process is running with CompressedOops enabled, and the Java Heap may be blocking the growth of the native heap
# Possible solutions:
#   Reduce memory load on the system
#   Increase physical memory or swap space
#   Check if swap backing store is full
#   Decrease Java heap size (-Xmx/-Xms)
#   Decrease number of Java threads
#   Decrease Java thread stack sizes (-Xss)
#   Set larger code cache with -XX:ReservedCodeCacheSize=
#   JVM is running with Zero Based Compressed Oops mode in which the Java heap is
#     placed in the first 32GB address space. The Java Heap base address is the
#     maximum limit for the native heap growth. Please use -XX:HeapBaseMinAddress
#     to set the Java Heap base and to place the Java Heap above 32GB virtual address.
# This output file may be truncated or incomplete.
#
#  Out of Memory Error (os_windows.cpp:3714), pid=12816, tid=9220
#
# JRE version: OpenJDK Runtime Environment Temurin-21.0.10+7 (21.0.10+7) (build 21.0.10+7-LTS)
# Java VM: OpenJDK 64-Bit Server VM Temurin-21.0.10+7 (21.0.10+7-LTS, mixed mode, sharing, tiered, compressed oops, compressed class ptrs, g1 gc, windows-amd64)
# No core dump will be written. Minidumps are not enabled by default on client versions of Windows
#

---------------  S U M M A R Y ------------

Command Line: --add-opens=java.base/java.lang=ALL-UNNAMED --add-opens=java.base/java.lang.invoke=ALL-UNNAMED --add-opens=java.base/java.util=ALL-UNNAMED --add-opens=java.prefs/java.util.prefs=ALL-UNNAMED --add-exports=jdk.compiler/com.sun.tools.javac.api=ALL-UNNAMED --add-exports=jdk.compiler/com.sun.tools.javac.util=ALL-UNNAMED --add-opens=java.base/java.util=ALL-UNNAMED --add-opens=java.prefs/java.util.prefs=ALL-UNNAMED --add-opens=java.base/java.nio.charset=ALL-UNNAMED --add-opens=java.base/java.net=ALL-UNNAMED --add-opens=java.base/java.util.concurrent=ALL-UNNAMED --add-opens=java.base/java.util.concurrent.atomic=ALL-UNNAMED --add-opens=java.xml/javax.xml.namespace=ALL-UNNAMED -XX:MaxMetaspaceSize=4G -XX:ReservedCodeCacheSize=512m -XX:+HeapDumpOnOutOfMemoryError -Xmx8G -Dfile.encoding=UTF-8 -Duser.country=FR -Duser.language=fr -Duser.variant -javaagent:C:\Users\PC\.gradle\wrapper\dists\gradle-9.0.0-all\bslsdt4hlv6gkyka2jcuzrejl\gradle-9.0.0\lib\agents\gradle-instrumentation-agent-9.0.0.jar org.gradle.launcher.daemon.bootstrap.GradleDaemon 9.0.0

Host: Intel(R) Core(TM) i5-4300M CPU @ 2.60GHz, 4 cores, 7G,  Windows 10 , 64 bit Build 19041 (10.0.19041.5915)
Time: Sat May  9 09:56:53 2026 Afr. centrale Ouest elapsed time: 140.957840 seconds (0d 0h 2m 20s)

---------------  T H R E A D  ---------------

Current thread (0x000002016344fe20):  VMThread "VM Thread"          [id=9220, stack(0x000000965f400000,0x000000965f500000) (1024K)]

Stack: [0x000000965f400000,0x000000965f500000]
Native frames: (J=compiled Java code, j=interpreted, Vv=VM code, C=native code)
V  [jvm.dll+0x6d7a39]
V  [jvm.dll+0x8b4b26]
V  [jvm.dll+0x8b70de]
V  [jvm.dll+0x8b77c3]
V  [jvm.dll+0x284346]
V  [jvm.dll+0x6d4355]
V  [jvm.dll+0x6c808a]
V  [jvm.dll+0x35edb8]
V  [jvm.dll+0x3669f6]
V  [jvm.dll+0x3b7afe]
V  [jvm.dll+0x3b7da8]
V  [jvm.dll+0x332fbc]
V  [jvm.dll+0x333047]
V  [jvm.dll+0x376e1c]
V  [jvm.dll+0x3755be]
V  [jvm.dll+0x332701]
V  [jvm.dll+0x374c2a]
V  [jvm.dll+0x8bd4b0]
V  [jvm.dll+0x8be824]
V  [jvm.dll+0x8bed50]
V  [jvm.dll+0x8beff3]
V  [jvm.dll+0x85f59d]
V  [jvm.dll+0x6d626d]
C  [ucrtbase.dll+0x21bb2]
C  [KERNEL32.DLL+0x17374]
C  [ntdll.dll+0x4cc91]

VM_Operation (0x00000096608f0650): G1CollectForAllocation, mode: safepoint, requested by thread 0x00000201ac60b200


---------------  P R O C E S S  ---------------

Threads class SMR info:
_java_thread_list=0x00000201c6464020, length=85, elements={
0x0000020133d9d950, 0x0000020163469770, 0x000002016346a580, 0x000002016346d2a0,
0x000002016346dd00, 0x0000020163470770, 0x00000201634721e0, 0x0000020163472f70,
0x0000020163474ea0, 0x0000020165aa2d90, 0x0000020165b48b60, 0x00000201ac3c1820,
0x0000020165adb3b0, 0x00000201ac3f6070, 0x0000020165939030, 0x00000201ab0b11c0,
0x00000201ac5f0400, 0x00000201ac60b200, 0x00000201ac60a4e0, 0x00000201ac60c5b0,
0x00000201ac609130, 0x00000201ac60b890, 0x00000201ac6097c0, 0x00000201ac609e50,
0x00000201ae212f90, 0x00000201ae215060, 0x00000201ae212270, 0x00000201ae212900,
0x00000201ae213620, 0x00000201ae213cb0, 0x00000201ae2149d0, 0x00000201ae214340,
0x00000201af042350, 0x00000201c5bb2880, 0x00000201c5bb14d0, 0x00000201c5bb6390,
0x00000201c5bb0120, 0x00000201c5bb2f10, 0x00000201c5bb35a0, 0x00000201c5bb4fe0,
0x00000201c5bb5670, 0x00000201c5bb5d00, 0x00000201c5bb7740, 0x00000201c63c4190,
0x00000201c63c3b00, 0x00000201c63c5bd0, 0x00000201c63c1a30, 0x00000201c63c6f80,
0x00000201c66c6120, 0x00000201c66c6e40, 0x00000201c66c4d70, 0x00000201c66c0540,
0x00000201c66c7b60, 0x00000201c66c5400, 0x00000201c66c5a90, 0x00000201c66c67b0,
0x00000201c66c0bd0, 0x00000201c66c74d0, 0x00000201c66c18f0, 0x00000201c66c1f80,
0x00000201c66c3330, 0x00000201c66c4050, 0x00000201c66c46e0, 0x00000201b436eff0,
0x00000201b436c200, 0x00000201b4368d80, 0x00000201b4369aa0, 0x00000201b4368060,
0x00000201b436f680, 0x00000201b436ae50, 0x00000201b43686f0, 0x00000201b436cf20,
0x00000201b436b4e0, 0x00000201b436a130, 0x00000201b436bb70, 0x00000201b60a6210,
0x00000201b60a54f0, 0x00000201b60a4140, 0x00000201b60a2700, 0x00000201b60a19e0,
0x00000201b60a1350, 0x00000201b60a68a0, 0x00000201b60a2070, 0x00000201b60a2d90,
0x00000201ad578f30
}

Java Threads: ( => current thread )
  0x0000020133d9d950 JavaThread "main"                              [_thread_blocked, id=12724, stack(0x000000965ed00000,0x000000965ee00000) (1024K)]
  0x0000020163469770 JavaThread "Reference Handler"          daemon [_thread_blocked, id=13324, stack(0x000000965f500000,0x000000965f600000) (1024K)]
  0x000002016346a580 JavaThread "Finalizer"                  daemon [_thread_blocked, id=13060, stack(0x000000965f600000,0x000000965f700000) (1024K)]
  0x000002016346d2a0 JavaThread "Signal Dispatcher"          daemon [_thread_blocked, id=3368, stack(0x000000965f700000,0x000000965f800000) (1024K)]
  0x000002016346dd00 JavaThread "Attach Listener"            daemon [_thread_blocked, id=6396, stack(0x000000965f800000,0x000000965f900000) (1024K)]
  0x0000020163470770 JavaThread "Service Thread"             daemon [_thread_blocked, id=13832, stack(0x000000965f900000,0x000000965fa00000) (1024K)]
  0x00000201634721e0 JavaThread "Monitor Deflation Thread"   daemon [_thread_blocked, id=16236, stack(0x000000965fa00000,0x000000965fb00000) (1024K)]
  0x0000020163472f70 JavaThread "C2 CompilerThread0"         daemon [_thread_blocked, id=9568, stack(0x000000965fb00000,0x000000965fc00000) (1024K)]
  0x0000020163474ea0 JavaThread "C1 CompilerThread0"         daemon [_thread_blocked, id=13640, stack(0x000000965fc00000,0x000000965fd00000) (1024K)]
  0x0000020165aa2d90 JavaThread "Common-Cleaner"             daemon [_thread_blocked, id=11932, stack(0x000000965fd00000,0x000000965fe00000) (1024K)]
  0x0000020165b48b60 JavaThread "Notification Thread"        daemon [_thread_blocked, id=5488, stack(0x000000965fe00000,0x000000965ff00000) (1024K)]
  0x00000201ac3c1820 JavaThread "Daemon health stats"               [_thread_blocked, id=15732, stack(0x0000009660300000,0x0000009660400000) (1024K)]
  0x0000020165adb3b0 JavaThread "Incoming local TCP Connector on port 53922"        [_thread_in_native, id=11688, stack(0x0000009660200000,0x0000009660300000) (1024K)]
  0x00000201ac3f6070 JavaThread "Daemon periodic checks"            [_thread_blocked, id=11200, stack(0x0000009660400000,0x0000009660500000) (1024K)]
  0x0000020165939030 JavaThread "Daemon"                            [_thread_blocked, id=10084, stack(0x0000009660500000,0x0000009660600000) (1024K)]
  0x00000201ab0b11c0 JavaThread "Handler for socket connection from /127.0.0.1:53922 to /127.0.0.1:53923"        [_thread_in_native, id=13524, stack(0x0000009660600000,0x0000009660700000) (1024K)]
  0x00000201ac5f0400 JavaThread "Cancel handler"                    [_thread_blocked, id=17584, stack(0x0000009660700000,0x0000009660800000) (1024K)]
  0x00000201ac60b200 JavaThread "Daemon worker"                     [_thread_blocked, id=10148, stack(0x0000009660800000,0x0000009660900000) (1024K)]
  0x00000201ac60a4e0 JavaThread "Asynchronous log dispatcher for DefaultDaemonConnection: socket connection from /127.0.0.1:53922 to /127.0.0.1:53923"        [_thread_blocked, id=5460, stack(0x0000009660900000,0x0000009660a00000) (1024K)]
  0x00000201ac60c5b0 JavaThread "Stdin handler"                     [_thread_blocked, id=16300, stack(0x0000009660a00000,0x0000009660b00000) (1024K)]
  0x00000201ac609130 JavaThread "Daemon client event forwarder"        [_thread_blocked, id=18360, stack(0x0000009660b00000,0x0000009660c00000) (1024K)]
  0x00000201ac60b890 JavaThread "Cache worker for journal cache (C:\Users\PC\.gradle\caches\journal-1)"        [_thread_blocked, id=6008, stack(0x0000009660c00000,0x0000009660d00000) (1024K)]
  0x00000201ac6097c0 JavaThread "File lock request listener"        [_thread_in_native, id=2852, stack(0x0000009660d00000,0x0000009660e00000) (1024K)]
  0x00000201ac609e50 JavaThread "Cache worker for file hash cache (C:\Users\PC\.gradle\caches\9.0.0\fileHashes)"        [_thread_blocked, id=14012, stack(0x0000009660e00000,0x0000009660f00000) (1024K)]
  0x00000201ae212f90 JavaThread "Cache worker for file hash cache (C:\Users\PC\Documents\projets dev\mog_v1-main\mog_v1-main\mobile\android\.gradle\9.0.0\fileHashes)"        [_thread_blocked, id=15608, stack(0x000000965eb00000,0x000000965ec00000) (1024K)]
  0x00000201ae215060 JavaThread "Cache worker for Build Output Cleanup Cache (C:\Users\PC\Documents\projets dev\mog_v1-main\mog_v1-main\mobile\android\.gradle\buildOutputCleanup)"        [_thread_blocked, id=13096, stack(0x0000009661000000,0x0000009661100000) (1024K)]
  0x00000201ae212270 JavaThread "File watcher server"        daemon [_thread_in_native, id=6584, stack(0x0000009661100000,0x0000009661200000) (1024K)]
  0x00000201ae212900 JavaThread "File watcher consumer"      daemon [_thread_blocked, id=12772, stack(0x0000009661200000,0x0000009661300000) (1024K)]
  0x00000201ae213620 JavaThread "Cache worker for checksums cache (C:\Users\PC\Documents\projets dev\mog_v1-main\mog_v1-main\mobile\android\.gradle\9.0.0\checksums)"        [_thread_blocked, id=17088, stack(0x0000009661300000,0x0000009661400000) (1024K)]
  0x00000201ae213cb0 JavaThread "Cache worker for file content cache (C:\Users\PC\.gradle\caches\9.0.0\fileContent)"        [_thread_blocked, id=8320, stack(0x0000009661400000,0x0000009661500000) (1024K)]
  0x00000201ae2149d0 JavaThread "Cache worker for cache directory md-supplier (C:\Users\PC\.gradle\caches\9.0.0\md-supplier)"        [_thread_blocked, id=12364, stack(0x0000009661500000,0x0000009661600000) (1024K)]
  0x00000201ae214340 JavaThread "Cache worker for cache directory md-rule (C:\Users\PC\.gradle\caches\9.0.0\md-rule)"        [_thread_blocked, id=13224, stack(0x0000009661600000,0x0000009661700000) (1024K)]
  0x00000201af042350 JavaThread "Cache worker for Build Output Cleanup Cache (C:\Users\PC\develop\flutter\packages\flutter_tools\gradle\.gradle\buildOutputCleanup)"        [_thread_blocked, id=11488, stack(0x0000009661700000,0x0000009661800000) (1024K)]
  0x00000201c5bb2880 JavaThread "Unconstrained build operations"        [_thread_blocked, id=15468, stack(0x0000009661800000,0x0000009661900000) (1024K)]
  0x00000201c5bb14d0 JavaThread "Unconstrained build operations Thread 2"        [_thread_blocked, id=9552, stack(0x0000009661900000,0x0000009661a00000) (1024K)]
  0x00000201c5bb6390 JavaThread "Unconstrained build operations Thread 3"        [_thread_blocked, id=10844, stack(0x0000009661a00000,0x0000009661b00000) (1024K)]
  0x00000201c5bb0120 JavaThread "Unconstrained build operations Thread 4"        [_thread_blocked, id=18324, stack(0x0000009661b00000,0x0000009661c00000) (1024K)]
  0x00000201c5bb2f10 JavaThread "Unconstrained build operations Thread 5"        [_thread_blocked, id=15228, stack(0x0000009661c00000,0x0000009661d00000) (1024K)]
  0x00000201c5bb35a0 JavaThread "Unconstrained build operations Thread 6"        [_thread_blocked, id=14424, stack(0x0000009661d00000,0x0000009661e00000) (1024K)]
  0x00000201c5bb4fe0 JavaThread "Unconstrained build operations Thread 7"        [_thread_blocked, id=16908, stack(0x0000009660f00000,0x0000009661000000) (1024K)]
  0x00000201c5bb5670 JavaThread "Unconstrained build operations Thread 8"        [_thread_blocked, id=16172, stack(0x0000009661e00000,0x0000009661f00000) (1024K)]
  0x00000201c5bb5d00 JavaThread "Unconstrained build operations Thread 9"        [_thread_blocked, id=2288, stack(0x0000009661f00000,0x0000009662000000) (1024K)]
  0x00000201c5bb7740 JavaThread "Memory manager"                    [_thread_blocked, id=8224, stack(0x0000009662100000,0x0000009662200000) (1024K)]
  0x00000201c63c4190 JavaThread "build event listener"              [_thread_blocked, id=13116, stack(0x0000009662200000,0x0000009662300000) (1024K)]
  0x00000201c63c3b00 JavaThread "included builds"                   [_thread_blocked, id=15308, stack(0x000000965ec00000,0x000000965ed00000) (1024K)]
  0x00000201c63c5bd0 JavaThread "Execution worker"                  [_thread_blocked, id=11960, stack(0x0000009662000000,0x0000009662100000) (1024K)]
  0x00000201c63c1a30 JavaThread "Execution worker Thread 2"         [_thread_blocked, id=12620, stack(0x0000009662300000,0x0000009662400000) (1024K)]
  0x00000201c63c6f80 JavaThread "Execution worker Thread 3"         [_thread_blocked, id=15688, stack(0x0000009662400000,0x0000009662500000) (1024K)]
  0x00000201c66c6120 JavaThread "Cache worker for execution history cache (C:\Users\PC\develop\flutter\packages\flutter_tools\gradle\.gradle\9.0.0\executionHistory)"        [_thread_blocked, id=16184, stack(0x0000009662500000,0x0000009662600000) (1024K)]
  0x00000201c66c6e40 JavaThread "Unconstrained build operations Thread 10"        [_thread_blocked, id=3236, stack(0x000000965ea00000,0x000000965eb00000) (1024K)]
  0x00000201c66c4d70 JavaThread "Unconstrained build operations Thread 11"        [_thread_blocked, id=1012, stack(0x0000009662600000,0x0000009662700000) (1024K)]
  0x00000201c66c0540 JavaThread "Unconstrained build operations Thread 12"        [_thread_blocked, id=15672, stack(0x0000009662700000,0x0000009662800000) (1024K)]
  0x00000201c66c7b60 JavaThread "Unconstrained build operations Thread 13"        [_thread_blocked, id=14720, stack(0x0000009662800000,0x0000009662900000) (1024K)]
  0x00000201c66c5400 JavaThread "Unconstrained build operations Thread 14"        [_thread_blocked, id=14420, stack(0x0000009662900000,0x0000009662a00000) (1024K)]
  0x00000201c66c5a90 JavaThread "Unconstrained build operations Thread 15"        [_thread_blocked, id=9928, stack(0x0000009662a00000,0x0000009662b00000) (1024K)]
  0x00000201c66c67b0 JavaThread "Unconstrained build operations Thread 16"        [_thread_blocked, id=4916, stack(0x0000009662b00000,0x0000009662c00000) (1024K)]
  0x00000201c66c0bd0 JavaThread "Unconstrained build operations Thread 17"        [_thread_blocked, id=3696, stack(0x0000009662c00000,0x0000009662d00000) (1024K)]
  0x00000201c66c74d0 JavaThread "Unconstrained build operations Thread 18"        [_thread_blocked, id=12948, stack(0x0000009662d00000,0x0000009662e00000) (1024K)]
  0x00000201c66c18f0 JavaThread "Unconstrained build operations Thread 19"        [_thread_blocked, id=13412, stack(0x0000009662e00000,0x0000009662f00000) (1024K)]
  0x00000201c66c1f80 JavaThread "Unconstrained build operations Thread 20"        [_thread_blocked, id=18256, stack(0x0000009662f00000,0x0000009663000000) (1024K)]
  0x00000201c66c3330 JavaThread "WorkerExecutor Queue"              [_thread_blocked, id=8672, stack(0x0000009663000000,0x0000009663100000) (1024K)]
  0x00000201c66c4050 JavaThread "RMI Scheduler(0)"           daemon [_thread_blocked, id=12436, stack(0x0000009663100000,0x0000009663200000) (1024K)]
  0x00000201c66c46e0 JavaThread "RMI GC Daemon"              daemon [_thread_blocked, id=16792, stack(0x0000009663300000,0x0000009663400000) (1024K)]
  0x00000201b436eff0 JavaThread "RMI TCP Accept-0"           daemon [_thread_in_native, id=12492, stack(0x0000009663400000,0x0000009663500000) (1024K)]
  0x00000201b436c200 JavaThread "RMI Reaper"                        [_thread_blocked, id=4960, stack(0x0000009663500000,0x0000009663600000) (1024K)]
  0x00000201b4368d80 JavaThread "RMI TCP Connection(2)-127.0.0.1" daemon [_thread_in_native, id=13872, stack(0x0000009663600000,0x0000009663700000) (1024K)]
  0x00000201b4369aa0 JavaThread "Unconstrained build operations Thread 21"        [_thread_blocked, id=14860, stack(0x0000009663200000,0x0000009663300000) (1024K)]
  0x00000201b4368060 JavaThread "Unconstrained build operations Thread 22"        [_thread_blocked, id=3464, stack(0x0000009663800000,0x0000009663900000) (1024K)]
  0x00000201b436f680 JavaThread "Unconstrained build operations Thread 23"        [_thread_blocked, id=13700, stack(0x0000009663900000,0x0000009663a00000) (1024K)]
  0x00000201b436ae50 JavaThread "Unconstrained build operations Thread 24"        [_thread_blocked, id=17564, stack(0x0000009663a00000,0x0000009663b00000) (1024K)]
  0x00000201b43686f0 JavaThread "Unconstrained build operations Thread 25"        [_thread_blocked, id=12196, stack(0x0000009663b00000,0x0000009663c00000) (1024K)]
  0x00000201b436cf20 JavaThread "Unconstrained build operations Thread 26"        [_thread_blocked, id=308, stack(0x0000009663c00000,0x0000009663d00000) (1024K)]
  0x00000201b436b4e0 JavaThread "Unconstrained build operations Thread 27"        [_thread_blocked, id=11228, stack(0x0000009663d00000,0x0000009663e00000) (1024K)]
  0x00000201b436a130 JavaThread "Unconstrained build operations Thread 28"        [_thread_blocked, id=2596, stack(0x0000009663e00000,0x0000009663f00000) (1024K)]
  0x00000201b436bb70 JavaThread "Unconstrained build operations Thread 29"        [_thread_blocked, id=5520, stack(0x0000009663f00000,0x0000009664000000) (1024K)]
  0x00000201b60a6210 JavaThread "Unconstrained build operations Thread 30"        [_thread_blocked, id=12352, stack(0x0000009664000000,0x0000009664100000) (1024K)]
  0x00000201b60a54f0 JavaThread "Unconstrained build operations Thread 31"        [_thread_blocked, id=8608, stack(0x0000009664100000,0x0000009664200000) (1024K)]
  0x00000201b60a4140 JavaThread "Unconstrained build operations Thread 32"        [_thread_blocked, id=8352, stack(0x0000009664200000,0x0000009664300000) (1024K)]
  0x00000201b60a2700 JavaThread "Unconstrained build operations Thread 33"        [_thread_blocked, id=11996, stack(0x0000009664300000,0x0000009664400000) (1024K)]
  0x00000201b60a19e0 JavaThread "Unconstrained build operations Thread 34"        [_thread_blocked, id=18192, stack(0x0000009664400000,0x0000009664500000) (1024K)]
  0x00000201b60a1350 JavaThread "Unconstrained build operations Thread 35"        [_thread_blocked, id=8232, stack(0x0000009664500000,0x0000009664600000) (1024K)]
  0x00000201b60a68a0 JavaThread "Unconstrained build operations Thread 36"        [_thread_blocked, id=10736, stack(0x0000009664600000,0x0000009664700000) (1024K)]
  0x00000201b60a2070 JavaThread "Unconstrained build operations Thread 37"        [_thread_blocked, id=18076, stack(0x0000009664700000,0x0000009664800000) (1024K)]
  0x00000201b60a2d90 JavaThread "Unconstrained build operations Thread 38"        [_thread_blocked, id=5732, stack(0x0000009664800000,0x0000009664900000) (1024K)]
  0x00000201ad578f30 JavaThread "build event listener"              [_thread_blocked, id=16080, stack(0x0000009664900000,0x0000009664a00000) (1024K)]
Total: 85

Other Threads:
=>0x000002016344fe20 VMThread "VM Thread"                           [id=9220, stack(0x000000965f400000,0x000000965f500000) (1024K)]
  0x000002016343e150 WatcherThread "VM Periodic Task Thread"        [id=8268, stack(0x000000965f300000,0x000000965f400000) (1024K)]
  0x00000201360705d0 WorkerThread "GC Thread#0"                     [id=15792, stack(0x000000965ee00000,0x000000965ef00000) (1024K)]
  0x0000020165b61790 WorkerThread "GC Thread#1"                     [id=5784, stack(0x000000965ff00000,0x0000009660000000) (1024K)]
  0x0000020165b61b40 WorkerThread "GC Thread#2"                     [id=14472, stack(0x0000009660000000,0x0000009660100000) (1024K)]
  0x00000201abd01e30 WorkerThread "GC Thread#3"                     [id=9004, stack(0x0000009660100000,0x0000009660200000) (1024K)]
  0x0000020133e5df80 ConcurrentGCThread "G1 Main Marker"            [id=8272, stack(0x000000965ef00000,0x000000965f000000) (1024K)]
  0x0000020133e5e930 WorkerThread "G1 Conc#0"                       [id=16428, stack(0x000000965f000000,0x000000965f100000) (1024K)]
  0x000002016330afe0 ConcurrentGCThread "G1 Refine#0"               [id=12516, stack(0x000000965f100000,0x000000965f200000) (1024K)]
  0x000002016330cfc0 ConcurrentGCThread "G1 Service"                [id=14036, stack(0x000000965f200000,0x000000965f300000) (1024K)]
Total: 10

Threads with active compile tasks:
C2 CompilerThread0  141055 23253   !   4       java.lang.invoke.MethodHandleNatives::linkMethodHandleConstant (50 bytes)
Total: 1

VM state: at safepoint (normal execution)

VM Mutex/Monitor currently owned by a thread:  ([mutex/lock_event])
[0x00007ffe4a98e560] Threads_lock - owner thread: 0x000002016344fe20
[0x00007ffe4a98e660] Heap_lock - owner thread: 0x00000201ac60b200

Heap address: 0x0000000600000000, size: 8192 MB, Compressed Oops mode: Zero based, Oop shift amount: 3

CDS archive(s) mapped at: [0x0000020166000000-0x0000020166ba0000-0x0000020166ba0000), size 12189696, SharedBaseAddress: 0x0000020166000000, ArchiveRelocationMode: 1.
Compressed class space mapped at: 0x0000020167000000-0x00000201a7000000, reserved size: 1073741824
Narrow klass base: 0x0000020166000000, Narrow klass shift: 0, Narrow klass range: 0x100000000

GC Precious Log:
 CardTable entry size: 512
 Card Set container configuration: InlinePtr #cards 4 size 8 Array Of Cards #cards 32 size 80 Howl #buckets 8 coarsen threshold 7372 Howl Bitmap #cards 1024 size 144 coarsen threshold 921 Card regions per heap region 1 cards per card region 8192
 CPUs: 4 total, 4 available
 Memory: 8089M
 Large Page Support: Disabled
 NUMA Support: Disabled
 Compressed Oops: Enabled (Zero based)
 Heap Region Size: 4M
 Heap Min Capacity: 8M
 Heap Initial Capacity: 128M
 Heap Max Capacity: 8G
 Pre-touch: Disabled
 Parallel Workers: 4
 Concurrent Workers: 1
 Concurrent Refinement Workers: 4
 Periodic GC: Disabled

Heap:
 garbage-first heap   total 933888K, used 384491K [0x0000000600000000, 0x0000000800000000)
  region size 4096K, 2 young (8192K), 2 survivors (8192K)
 Metaspace       used 164894K, committed 167360K, reserved 1245184K
  class space    used 21264K, committed 22464K, reserved 1048576K

Heap Regions: E=young(eden), S=young(survivor), O=old, HS=humongous(starts), HC=humongous(continues), CS=collection set, F=free, TAMS=top-at-mark-start, PB=parsable bottom
|   0|0x0000000600000000, 0x0000000600400000, 0x0000000600400000|100%|HS|  |TAMS 0x0000000600000000| PB 0x0000000600000000| Complete 
|   1|0x0000000600400000, 0x0000000600800000, 0x0000000600800000|100%| O|  |TAMS 0x0000000600400000| PB 0x0000000600400000| Untracked 
|   2|0x0000000600800000, 0x0000000600c00000, 0x0000000600c00000|100%| O|  |TAMS 0x0000000600800000| PB 0x0000000600800000| Untracked 
|   3|0x0000000600c00000, 0x0000000601000000, 0x0000000601000000|100%| O|  |TAMS 0x0000000600c00000| PB 0x0000000600c00000| Untracked 
|   4|0x0000000601000000, 0x0000000601400000, 0x0000000601400000|100%| O|  |TAMS 0x0000000601000000| PB 0x0000000601000000| Untracked 
|   5|0x0000000601400000, 0x0000000601800000, 0x0000000601800000|100%| O|  |TAMS 0x0000000601400000| PB 0x0000000601400000| Untracked 
|   6|0x0000000601800000, 0x0000000601c00000, 0x0000000601c00000|100%| O|  |TAMS 0x0000000601800000| PB 0x0000000601800000| Untracked 
|   7|0x0000000601c00000, 0x0000000602000000, 0x0000000602000000|100%| O|  |TAMS 0x0000000601c00000| PB 0x0000000601c00000| Untracked 
|   8|0x0000000602000000, 0x0000000602400000, 0x0000000602400000|100%| O|  |TAMS 0x0000000602000000| PB 0x0000000602000000| Untracked 
|   9|0x0000000602400000, 0x0000000602800000, 0x0000000602800000|100%| O|  |TAMS 0x0000000602400000| PB 0x0000000602400000| Untracked 
|  10|0x0000000602800000, 0x0000000602c00000, 0x0000000602c00000|100%| O|  |TAMS 0x0000000602800000| PB 0x0000000602800000| Untracked 
|  11|0x0000000602c00000, 0x0000000603000000, 0x0000000603000000|100%| O|  |TAMS 0x0000000602c00000| PB 0x0000000602c00000| Untracked 
|  12|0x0000000603000000, 0x0000000603400000, 0x0000000603400000|100%| O|  |TAMS 0x0000000603000000| PB 0x0000000603000000| Untracked 
|  13|0x0000000603400000, 0x0000000603800000, 0x0000000603800000|100%| O|  |TAMS 0x0000000603400000| PB 0x0000000603400000| Untracked 
|  14|0x0000000603800000, 0x0000000603c00000, 0x0000000603c00000|100%| O|  |TAMS 0x0000000603800000| PB 0x0000000603800000| Untracked 
|  15|0x0000000603c00000, 0x0000000604000000, 0x0000000604000000|100%| O|  |TAMS 0x0000000603c00000| PB 0x0000000603c00000| Untracked 
|  16|0x0000000604000000, 0x0000000604400000, 0x0000000604400000|100%| O|  |TAMS 0x0000000604000000| PB 0x0000000604000000| Untracked 
|  17|0x0000000604400000, 0x0000000604800000, 0x0000000604800000|100%| O|  |TAMS 0x0000000604400000| PB 0x0000000604400000| Untracked 
|  18|0x0000000604800000, 0x0000000604c00000, 0x0000000604c00000|100%| O|  |TAMS 0x0000000604800000| PB 0x0000000604800000| Untracked 
|  19|0x0000000604c00000, 0x0000000605000000, 0x0000000605000000|100%| O|  |TAMS 0x0000000604c00000| PB 0x0000000604c00000| Untracked 
|  20|0x0000000605000000, 0x0000000605400000, 0x0000000605400000|100%| O|  |TAMS 0x0000000605000000| PB 0x0000000605000000| Untracked 
|  21|0x0000000605400000, 0x0000000605800000, 0x0000000605800000|100%| O|  |TAMS 0x0000000605400000| PB 0x0000000605400000| Untracked 
|  22|0x0000000605800000, 0x0000000605c00000, 0x0000000605c00000|100%| O|  |TAMS 0x0000000605800000| PB 0x0000000605800000| Untracked 
|  23|0x0000000605c00000, 0x0000000606000000, 0x0000000606000000|100%| O|  |TAMS 0x0000000605c00000| PB 0x0000000605c00000| Untracked 
|  24|0x0000000606000000, 0x0000000606400000, 0x0000000606400000|100%| O|  |TAMS 0x0000000606000000| PB 0x0000000606000000| Untracked 
|  25|0x0000000606400000, 0x0000000606800000, 0x0000000606800000|100%| O|  |TAMS 0x0000000606400000| PB 0x0000000606400000| Untracked 
|  26|0x0000000606800000, 0x0000000606c00000, 0x0000000606c00000|100%| O|  |TAMS 0x0000000606800000| PB 0x0000000606800000| Untracked 
|  27|0x0000000606c00000, 0x0000000607000000, 0x0000000607000000|100%| O|  |TAMS 0x0000000606c00000| PB 0x0000000606c00000| Untracked 
|  28|0x0000000607000000, 0x0000000607400000, 0x0000000607400000|100%| O|  |TAMS 0x0000000607000000| PB 0x0000000607000000| Untracked 
|  29|0x0000000607400000, 0x0000000607800000, 0x0000000607800000|100%| O|  |TAMS 0x0000000607400000| PB 0x0000000607400000| Untracked 
|  30|0x0000000607800000, 0x0000000607c00000, 0x0000000607c00000|100%| O|  |TAMS 0x0000000607800000| PB 0x0000000607800000| Untracked 
|  31|0x0000000607c00000, 0x0000000608000000, 0x0000000608000000|100%| O|  |TAMS 0x0000000607c00000| PB 0x0000000607c00000| Untracked 
|  32|0x0000000608000000, 0x0000000608400000, 0x0000000608400000|100%| O|  |TAMS 0x0000000608000000| PB 0x0000000608000000| Untracked 
|  33|0x0000000608400000, 0x0000000608800000, 0x0000000608800000|100%| O|  |TAMS 0x0000000608400000| PB 0x0000000608400000| Untracked 
|  34|0x0000000608800000, 0x0000000608c00000, 0x0000000608c00000|100%| O|  |TAMS 0x0000000608800000| PB 0x0000000608800000| Untracked 
|  35|0x0000000608c00000, 0x0000000609000000, 0x0000000609000000|100%| O|  |TAMS 0x0000000608c00000| PB 0x0000000608c00000| Untracked 
|  36|0x0000000609000000, 0x0000000609400000, 0x0000000609400000|100%| O|  |TAMS 0x0000000609000000| PB 0x0000000609000000| Untracked 
|  37|0x0000000609400000, 0x0000000609800000, 0x0000000609800000|100%| O|  |TAMS 0x0000000609400000| PB 0x0000000609400000| Untracked 
|  38|0x0000000609800000, 0x0000000609c00000, 0x0000000609c00000|100%| O|  |TAMS 0x0000000609800000| PB 0x0000000609800000| Untracked 
|  39|0x0000000609c00000, 0x000000060a000000, 0x000000060a000000|100%| O|  |TAMS 0x0000000609c00000| PB 0x0000000609c00000| Untracked 
|  40|0x000000060a000000, 0x000000060a400000, 0x000000060a400000|100%| O|  |TAMS 0x000000060a000000| PB 0x000000060a000000| Untracked 
|  41|0x000000060a400000, 0x000000060a800000, 0x000000060a800000|100%| O|  |TAMS 0x000000060a400000| PB 0x000000060a400000| Untracked 
|  42|0x000000060a800000, 0x000000060ac00000, 0x000000060ac00000|100%| O|  |TAMS 0x000000060a800000| PB 0x000000060a800000| Untracked 
|  43|0x000000060ac00000, 0x000000060b000000, 0x000000060b000000|100%| O|  |TAMS 0x000000060ac00000| PB 0x000000060ac00000| Untracked 
|  44|0x000000060b000000, 0x000000060b400000, 0x000000060b400000|100%| O|  |TAMS 0x000000060b000000| PB 0x000000060b000000| Untracked 
|  45|0x000000060b400000, 0x000000060b800000, 0x000000060b800000|100%| O|  |TAMS 0x000000060b400000| PB 0x000000060b400000| Untracked 
|  46|0x000000060b800000, 0x000000060bc00000, 0x000000060bc00000|100%| O|  |TAMS 0x000000060b800000| PB 0x000000060b800000| Untracked 
|  47|0x000000060bc00000, 0x000000060c000000, 0x000000060c000000|100%| O|  |TAMS 0x000000060bc00000| PB 0x000000060bc00000| Untracked 
|  48|0x000000060c000000, 0x000000060c400000, 0x000000060c400000|100%| O|  |TAMS 0x000000060c000000| PB 0x000000060c000000| Untracked 
|  49|0x000000060c400000, 0x000000060c800000, 0x000000060c800000|100%| O|  |TAMS 0x000000060c400000| PB 0x000000060c400000| Untracked 
|  50|0x000000060c800000, 0x000000060cc00000, 0x000000060cc00000|100%| O|  |TAMS 0x000000060c800000| PB 0x000000060c800000| Untracked 
|  51|0x000000060cc00000, 0x000000060d000000, 0x000000060d000000|100%| O|  |TAMS 0x000000060cc00000| PB 0x000000060cc00000| Untracked 
|  52|0x000000060d000000, 0x000000060d400000, 0x000000060d400000|100%| O|  |TAMS 0x000000060d000000| PB 0x000000060d000000| Untracked 
|  53|0x000000060d400000, 0x000000060d800000, 0x000000060d800000|100%| O|  |TAMS 0x000000060d400000| PB 0x000000060d400000| Untracked 
|  54|0x000000060d800000, 0x000000060dc00000, 0x000000060dc00000|100%| O|  |TAMS 0x000000060d800000| PB 0x000000060d800000| Untracked 
|  55|0x000000060dc00000, 0x000000060e000000, 0x000000060e000000|100%| O|  |TAMS 0x000000060dc00000| PB 0x000000060dc00000| Untracked 
|  56|0x000000060e000000, 0x000000060e400000, 0x000000060e400000|100%| O|  |TAMS 0x000000060e000000| PB 0x000000060e000000| Untracked 
|  57|0x000000060e400000, 0x000000060e800000, 0x000000060e800000|100%| O|  |TAMS 0x000000060e400000| PB 0x000000060e400000| Untracked 
|  58|0x000000060e800000, 0x000000060ec00000, 0x000000060ec00000|100%| O|  |TAMS 0x000000060e800000| PB 0x000000060e800000| Untracked 
|  59|0x000000060ec00000, 0x000000060f000000, 0x000000060f000000|100%| O|  |TAMS 0x000000060ec00000| PB 0x000000060ec00000| Untracked 
|  60|0x000000060f000000, 0x000000060f400000, 0x000000060f400000|100%| O|  |TAMS 0x000000060f000000| PB 0x000000060f000000| Untracked 
|  61|0x000000060f400000, 0x000000060f800000, 0x000000060f800000|100%| O|  |TAMS 0x000000060f400000| PB 0x000000060f400000| Untracked 
|  62|0x000000060f800000, 0x000000060fc00000, 0x000000060fc00000|100%| O|  |TAMS 0x000000060f800000| PB 0x000000060f800000| Untracked 
|  63|0x000000060fc00000, 0x0000000610000000, 0x0000000610000000|100%| O|  |TAMS 0x000000060fc00000| PB 0x000000060fc00000| Untracked 
|  64|0x0000000610000000, 0x0000000610400000, 0x0000000610400000|100%| O|  |TAMS 0x0000000610000000| PB 0x0000000610000000| Untracked 
|  65|0x0000000610400000, 0x0000000610800000, 0x0000000610800000|100%| O|  |TAMS 0x0000000610400000| PB 0x0000000610400000| Untracked 
|  66|0x0000000610800000, 0x0000000610c00000, 0x0000000610c00000|100%| O|  |TAMS 0x0000000610800000| PB 0x0000000610800000| Untracked 
|  67|0x0000000610c00000, 0x0000000611000000, 0x0000000611000000|100%| O|  |TAMS 0x0000000610c00000| PB 0x0000000610c00000| Untracked 
|  68|0x0000000611000000, 0x0000000611400000, 0x0000000611400000|100%| O|  |TAMS 0x0000000611000000| PB 0x0000000611000000| Untracked 
|  69|0x0000000611400000, 0x0000000611800000, 0x0000000611800000|100%| O|  |TAMS 0x0000000611400000| PB 0x0000000611400000| Untracked 
|  70|0x0000000611800000, 0x0000000611c00000, 0x0000000611c00000|100%| O|  |TAMS 0x0000000611800000| PB 0x0000000611800000| Untracked 
|  71|0x0000000611c00000, 0x0000000612000000, 0x0000000612000000|100%| O|  |TAMS 0x0000000611c00000| PB 0x0000000611c00000| Untracked 
|  72|0x0000000612000000, 0x0000000612400000, 0x0000000612400000|100%| O|  |TAMS 0x0000000612000000| PB 0x0000000612000000| Untracked 
|  73|0x0000000612400000, 0x0000000612800000, 0x0000000612800000|100%| O|  |TAMS 0x0000000612400000| PB 0x0000000612400000| Untracked 
|  74|0x0000000612800000, 0x0000000612c00000, 0x0000000612c00000|100%| O|  |TAMS 0x0000000612800000| PB 0x0000000612800000| Untracked 
|  75|0x0000000612c00000, 0x0000000613000000, 0x0000000613000000|100%| O|  |TAMS 0x0000000612c00000| PB 0x0000000612c00000| Untracked 
|  76|0x0000000613000000, 0x0000000613400000, 0x0000000613400000|100%| O|  |TAMS 0x0000000613000000| PB 0x0000000613000000| Untracked 
|  77|0x0000000613400000, 0x0000000613800000, 0x0000000613800000|100%| O|  |TAMS 0x0000000613400000| PB 0x0000000613400000| Untracked 
|  78|0x0000000613800000, 0x0000000613c00000, 0x0000000613c00000|100%| O|  |TAMS 0x0000000613800000| PB 0x0000000613800000| Untracked 
|  79|0x0000000613c00000, 0x0000000614000000, 0x0000000614000000|100%| O|  |TAMS 0x0000000613c00000| PB 0x0000000613c00000| Untracked 
|  80|0x0000000614000000, 0x0000000614400000, 0x0000000614400000|100%| O|  |TAMS 0x0000000614000000| PB 0x0000000614000000| Untracked 
|  81|0x0000000614400000, 0x0000000614800000, 0x0000000614800000|100%| O|  |TAMS 0x0000000614400000| PB 0x0000000614400000| Untracked 
|  82|0x0000000614800000, 0x0000000614c00000, 0x0000000614c00000|100%| O|  |TAMS 0x0000000614800000| PB 0x0000000614800000| Untracked 
|  83|0x0000000614c00000, 0x0000000615000000, 0x0000000615000000|100%| O|  |TAMS 0x0000000614c00000| PB 0x0000000614c00000| Untracked 
|  84|0x0000000615000000, 0x0000000615400000, 0x0000000615400000|100%| O|  |TAMS 0x0000000615000000| PB 0x0000000615000000| Untracked 
|  85|0x0000000615400000, 0x0000000615800000, 0x0000000615800000|100%| O|  |TAMS 0x0000000615400000| PB 0x0000000615400000| Untracked 
|  86|0x0000000615800000, 0x0000000615c00000, 0x0000000615c00000|100%| O|  |TAMS 0x0000000615800000| PB 0x0000000615800000| Untracked 
|  87|0x0000000615c00000, 0x0000000616000000, 0x0000000616000000|100%| O|  |TAMS 0x0000000615c00000| PB 0x0000000615c00000| Untracked 
|  88|0x0000000616000000, 0x0000000616400000, 0x0000000616400000|100%| O|  |TAMS 0x0000000616000000| PB 0x0000000616000000| Untracked 
|  89|0x0000000616400000, 0x0000000616800000, 0x0000000616800000|100%| O|  |TAMS 0x0000000616400000| PB 0x0000000616400000| Untracked 
|  90|0x0000000616800000, 0x0000000616b7aee0, 0x0000000616c00000| 87%| O|  |TAMS 0x0000000616800000| PB 0x0000000616800000| Untracked 
|  91|0x0000000616c00000, 0x0000000616c00000, 0x0000000617000000|  0%| F|  |TAMS 0x0000000616c00000| PB 0x0000000616c00000| Untracked 
|  92|0x0000000617000000, 0x0000000617000000, 0x0000000617400000|  0%| F|  |TAMS 0x0000000617000000| PB 0x0000000617000000| Untracked 
|  93|0x0000000617400000, 0x0000000617400000, 0x0000000617800000|  0%| F|  |TAMS 0x0000000617400000| PB 0x0000000617400000| Untracked 
|  94|0x0000000617800000, 0x0000000617800000, 0x0000000617c00000|  0%| F|  |TAMS 0x0000000617800000| PB 0x0000000617800000| Untracked 
|  95|0x0000000617c00000, 0x0000000617c00000, 0x0000000618000000|  0%| F|  |TAMS 0x0000000617c00000| PB 0x0000000617c00000| Untracked 
|  96|0x0000000618000000, 0x0000000618000000, 0x0000000618400000|  0%| F|  |TAMS 0x0000000618000000| PB 0x0000000618000000| Untracked 
|  97|0x0000000618400000, 0x0000000618400000, 0x0000000618800000|  0%| F|  |TAMS 0x0000000618400000| PB 0x0000000618400000| Untracked 
|  98|0x0000000618800000, 0x0000000618800000, 0x0000000618c00000|  0%| F|  |TAMS 0x0000000618800000| PB 0x0000000618800000| Untracked 
|  99|0x0000000618c00000, 0x0000000618c00000, 0x0000000619000000|  0%| F|  |TAMS 0x0000000618c00000| PB 0x0000000618c00000| Untracked 
| 100|0x0000000619000000, 0x0000000619000000, 0x0000000619400000|  0%| F|  |TAMS 0x0000000619000000| PB 0x0000000619000000| Untracked 
| 101|0x0000000619400000, 0x0000000619400000, 0x0000000619800000|  0%| F|  |TAMS 0x0000000619400000| PB 0x0000000619400000| Untracked 
| 102|0x0000000619800000, 0x0000000619800000, 0x0000000619c00000|  0%| F|  |TAMS 0x0000000619800000| PB 0x0000000619800000| Untracked 
| 103|0x0000000619c00000, 0x0000000619c00000, 0x000000061a000000|  0%| F|  |TAMS 0x0000000619c00000| PB 0x0000000619c00000| Untracked 
| 104|0x000000061a000000, 0x000000061a000000, 0x000000061a400000|  0%| F|  |TAMS 0x000000061a000000| PB 0x000000061a000000| Untracked 
| 105|0x000000061a400000, 0x000000061a400000, 0x000000061a800000|  0%| F|  |TAMS 0x000000061a400000| PB 0x000000061a400000| Untracked 
| 106|0x000000061a800000, 0x000000061a800000, 0x000000061ac00000|  0%| F|  |TAMS 0x000000061a800000| PB 0x000000061a800000| Untracked 
| 107|0x000000061ac00000, 0x000000061ac00000, 0x000000061b000000|  0%| F|  |TAMS 0x000000061ac00000| PB 0x000000061ac00000| Untracked 
| 108|0x000000061b000000, 0x000000061b000000, 0x000000061b400000|  0%| F|  |TAMS 0x000000061b000000| PB 0x000000061b000000| Untracked 
| 109|0x000000061b400000, 0x000000061b400000, 0x000000061b800000|  0%| F|  |TAMS 0x000000061b400000| PB 0x000000061b400000| Untracked 
| 110|0x000000061b800000, 0x000000061b800000, 0x000000061bc00000|  0%| F|  |TAMS 0x000000061b800000| PB 0x000000061b800000| Untracked 
| 111|0x000000061bc00000, 0x000000061bc00000, 0x000000061c000000|  0%| F|  |TAMS 0x000000061bc00000| PB 0x000000061bc00000| Untracked 
| 112|0x000000061c000000, 0x000000061c000000, 0x000000061c400000|  0%| F|  |TAMS 0x000000061c000000| PB 0x000000061c000000| Untracked 
| 113|0x000000061c400000, 0x000000061c400000, 0x000000061c800000|  0%| F|  |TAMS 0x000000061c400000| PB 0x000000061c400000| Untracked 
| 114|0x000000061c800000, 0x000000061c800000, 0x000000061cc00000|  0%| F|  |TAMS 0x000000061c800000| PB 0x000000061c800000| Untracked 
| 115|0x000000061cc00000, 0x000000061cc00000, 0x000000061d000000|  0%| F|  |TAMS 0x000000061cc00000| PB 0x000000061cc00000| Untracked 
| 116|0x000000061d000000, 0x000000061d000000, 0x000000061d400000|  0%| F|  |TAMS 0x000000061d000000| PB 0x000000061d000000| Untracked 
| 117|0x000000061d400000, 0x000000061d400000, 0x000000061d800000|  0%| F|  |TAMS 0x000000061d400000| PB 0x000000061d400000| Untracked 
| 118|0x000000061d800000, 0x000000061d800000, 0x000000061dc00000|  0%| F|  |TAMS 0x000000061d800000| PB 0x000000061d800000| Untracked 
| 119|0x000000061dc00000, 0x000000061dc00000, 0x000000061e000000|  0%| F|  |TAMS 0x000000061dc00000| PB 0x000000061dc00000| Untracked 
| 120|0x000000061e000000, 0x000000061e000000, 0x000000061e400000|  0%| F|  |TAMS 0x000000061e000000| PB 0x000000061e000000| Untracked 
| 121|0x000000061e400000, 0x000000061e400000, 0x000000061e800000|  0%| F|  |TAMS 0x000000061e400000| PB 0x000000061e400000| Untracked 
| 122|0x000000061e800000, 0x000000061e800000, 0x000000061ec00000|  0%| F|  |TAMS 0x000000061e800000| PB 0x000000061e800000| Untracked 
| 123|0x000000061ec00000, 0x000000061ec00000, 0x000000061f000000|  0%| F|  |TAMS 0x000000061ec00000| PB 0x000000061ec00000| Untracked 
| 124|0x000000061f000000, 0x000000061f000000, 0x000000061f400000|  0%| F|  |TAMS 0x000000061f000000| PB 0x000000061f000000| Untracked 
| 125|0x000000061f400000, 0x000000061f400000, 0x000000061f800000|  0%| F|  |TAMS 0x000000061f400000| PB 0x000000061f400000| Untracked 
| 126|0x000000061f800000, 0x000000061f800000, 0x000000061fc00000|  0%| F|  |TAMS 0x000000061f800000| PB 0x000000061f800000| Untracked 
| 127|0x000000061fc00000, 0x000000061fc00000, 0x0000000620000000|  0%| F|  |TAMS 0x000000061fc00000| PB 0x000000061fc00000| Untracked 
| 128|0x0000000620000000, 0x0000000620000000, 0x0000000620400000|  0%| F|  |TAMS 0x0000000620000000| PB 0x0000000620000000| Untracked 
| 129|0x0000000620400000, 0x0000000620400000, 0x0000000620800000|  0%| F|  |TAMS 0x0000000620400000| PB 0x0000000620400000| Untracked 
| 130|0x0000000620800000, 0x0000000620800000, 0x0000000620c00000|  0%| F|  |TAMS 0x0000000620800000| PB 0x0000000620800000| Untracked 
| 131|0x0000000620c00000, 0x0000000620c00000, 0x0000000621000000|  0%| F|  |TAMS 0x0000000620c00000| PB 0x0000000620c00000| Untracked 
| 132|0x0000000621000000, 0x0000000621000000, 0x0000000621400000|  0%| F|  |TAMS 0x0000000621000000| PB 0x0000000621000000| Untracked 
| 133|0x0000000621400000, 0x0000000621400000, 0x0000000621800000|  0%| F|  |TAMS 0x0000000621400000| PB 0x0000000621400000| Untracked 
| 134|0x0000000621800000, 0x0000000621800000, 0x0000000621c00000|  0%| F|  |TAMS 0x0000000621800000| PB 0x0000000621800000| Untracked 
| 135|0x0000000621c00000, 0x0000000621c00000, 0x0000000622000000|  0%| F|  |TAMS 0x0000000621c00000| PB 0x0000000621c00000| Untracked 
| 136|0x0000000622000000, 0x0000000622000000, 0x0000000622400000|  0%| F|  |TAMS 0x0000000622000000| PB 0x0000000622000000| Untracked 
| 137|0x0000000622400000, 0x0000000622400000, 0x0000000622800000|  0%| F|  |TAMS 0x0000000622400000| PB 0x0000000622400000| Untracked 
| 138|0x0000000622800000, 0x0000000622800000, 0x0000000622c00000|  0%| F|  |TAMS 0x0000000622800000| PB 0x0000000622800000| Untracked 
| 139|0x0000000622c00000, 0x0000000622c00000, 0x0000000623000000|  0%| F|  |TAMS 0x0000000622c00000| PB 0x0000000622c00000| Untracked 
| 140|0x0000000623000000, 0x0000000623000000, 0x0000000623400000|  0%| F|  |TAMS 0x0000000623000000| PB 0x0000000623000000| Untracked 
| 141|0x0000000623400000, 0x0000000623400000, 0x0000000623800000|  0%| F|  |TAMS 0x0000000623400000| PB 0x0000000623400000| Untracked 
| 142|0x0000000623800000, 0x0000000623800000, 0x0000000623c00000|  0%| F|  |TAMS 0x0000000623800000| PB 0x0000000623800000| Untracked 
| 143|0x0000000623c00000, 0x0000000623c00000, 0x0000000624000000|  0%| F|  |TAMS 0x0000000623c00000| PB 0x0000000623c00000| Untracked 
| 144|0x0000000624000000, 0x0000000624000000, 0x0000000624400000|  0%| F|  |TAMS 0x0000000624000000| PB 0x0000000624000000| Untracked 
| 145|0x0000000624400000, 0x0000000624400000, 0x0000000624800000|  0%| F|  |TAMS 0x0000000624400000| PB 0x0000000624400000| Untracked 
| 146|0x0000000624800000, 0x0000000624800000, 0x0000000624c00000|  0%| F|  |TAMS 0x0000000624800000| PB 0x0000000624800000| Untracked 
| 147|0x0000000624c00000, 0x0000000624c00000, 0x0000000625000000|  0%| F|  |TAMS 0x0000000624c00000| PB 0x0000000624c00000| Untracked 
| 148|0x0000000625000000, 0x0000000625000000, 0x0000000625400000|  0%| F|  |TAMS 0x0000000625000000| PB 0x0000000625000000| Untracked 
| 149|0x0000000625400000, 0x0000000625400000, 0x0000000625800000|  0%| F|  |TAMS 0x0000000625400000| PB 0x0000000625400000| Untracked 
| 150|0x0000000625800000, 0x0000000625800000, 0x0000000625c00000|  0%| F|  |TAMS 0x0000000625800000| PB 0x0000000625800000| Untracked 
| 151|0x0000000625c00000, 0x0000000625c00000, 0x0000000626000000|  0%| F|  |TAMS 0x0000000625c00000| PB 0x0000000625c00000| Untracked 
| 152|0x0000000626000000, 0x0000000626000000, 0x0000000626400000|  0%| F|  |TAMS 0x0000000626000000| PB 0x0000000626000000| Untracked 
| 153|0x0000000626400000, 0x0000000626400000, 0x0000000626800000|  0%| F|  |TAMS 0x0000000626400000| PB 0x0000000626400000| Untracked 
| 154|0x0000000626800000, 0x0000000626800000, 0x0000000626c00000|  0%| F|  |TAMS 0x0000000626800000| PB 0x0000000626800000| Untracked 
| 155|0x0000000626c00000, 0x0000000626c00000, 0x0000000627000000|  0%| F|  |TAMS 0x0000000626c00000| PB 0x0000000626c00000| Untracked 
| 156|0x0000000627000000, 0x0000000627000000, 0x0000000627400000|  0%| F|  |TAMS 0x0000000627000000| PB 0x0000000627000000| Untracked 
| 157|0x0000000627400000, 0x0000000627400000, 0x0000000627800000|  0%| F|  |TAMS 0x0000000627400000| PB 0x0000000627400000| Untracked 
| 158|0x0000000627800000, 0x0000000627800000, 0x0000000627c00000|  0%| F|  |TAMS 0x0000000627800000| PB 0x0000000627800000| Untracked 
| 159|0x0000000627c00000, 0x0000000627c00000, 0x0000000628000000|  0%| F|  |TAMS 0x0000000627c00000| PB 0x0000000627c00000| Untracked 
| 160|0x0000000628000000, 0x0000000628000000, 0x0000000628400000|  0%| F|  |TAMS 0x0000000628000000| PB 0x0000000628000000| Untracked 
| 161|0x0000000628400000, 0x0000000628400000, 0x0000000628800000|  0%| F|  |TAMS 0x0000000628400000| PB 0x0000000628400000| Untracked 
| 162|0x0000000628800000, 0x0000000628800000, 0x0000000628c00000|  0%| F|  |TAMS 0x0000000628800000| PB 0x0000000628800000| Untracked 
| 163|0x0000000628c00000, 0x0000000628c00000, 0x0000000629000000|  0%| F|  |TAMS 0x0000000628c00000| PB 0x0000000628c00000| Untracked 
| 164|0x0000000629000000, 0x0000000629000000, 0x0000000629400000|  0%| F|  |TAMS 0x0000000629000000| PB 0x0000000629000000| Untracked 
| 165|0x0000000629400000, 0x0000000629400000, 0x0000000629800000|  0%| F|  |TAMS 0x0000000629400000| PB 0x0000000629400000| Untracked 
| 166|0x0000000629800000, 0x0000000629800000, 0x0000000629c00000|  0%| F|  |TAMS 0x0000000629800000| PB 0x0000000629800000| Untracked 
| 167|0x0000000629c00000, 0x0000000629c00000, 0x000000062a000000|  0%| F|  |TAMS 0x0000000629c00000| PB 0x0000000629c00000| Untracked 
| 168|0x000000062a000000, 0x000000062a000000, 0x000000062a400000|  0%| F|  |TAMS 0x000000062a000000| PB 0x000000062a000000| Untracked 
| 169|0x000000062a400000, 0x000000062a400000, 0x000000062a800000|  0%| F|  |TAMS 0x000000062a400000| PB 0x000000062a400000| Untracked 
| 170|0x000000062a800000, 0x000000062a800000, 0x000000062ac00000|  0%| F|  |TAMS 0x000000062a800000| PB 0x000000062a800000| Untracked 
| 171|0x000000062ac00000, 0x000000062ac00000, 0x000000062b000000|  0%| F|  |TAMS 0x000000062ac00000| PB 0x000000062ac00000| Untracked 
| 172|0x000000062b000000, 0x000000062b000000, 0x000000062b400000|  0%| F|  |TAMS 0x000000062b000000| PB 0x000000062b000000| Untracked 
| 173|0x000000062b400000, 0x000000062b400000, 0x000000062b800000|  0%| F|  |TAMS 0x000000062b400000| PB 0x000000062b400000| Untracked 
| 174|0x000000062b800000, 0x000000062b800000, 0x000000062bc00000|  0%| F|  |TAMS 0x000000062b800000| PB 0x000000062b800000| Untracked 
| 175|0x000000062bc00000, 0x000000062bc00000, 0x000000062c000000|  0%| F|  |TAMS 0x000000062bc00000| PB 0x000000062bc00000| Untracked 
| 176|0x000000062c000000, 0x000000062c000000, 0x000000062c400000|  0%| F|  |TAMS 0x000000062c000000| PB 0x000000062c000000| Untracked 
| 177|0x000000062c400000, 0x000000062c400000, 0x000000062c800000|  0%| F|  |TAMS 0x000000062c400000| PB 0x000000062c400000| Untracked 
| 178|0x000000062c800000, 0x000000062c800000, 0x000000062cc00000|  0%| F|  |TAMS 0x000000062c800000| PB 0x000000062c800000| Untracked 
| 179|0x000000062cc00000, 0x000000062cc00000, 0x000000062d000000|  0%| F|  |TAMS 0x000000062cc00000| PB 0x000000062cc00000| Untracked 
| 180|0x000000062d000000, 0x000000062d000000, 0x000000062d400000|  0%| F|  |TAMS 0x000000062d000000| PB 0x000000062d000000| Untracked 
| 181|0x000000062d400000, 0x000000062d400000, 0x000000062d800000|  0%| F|  |TAMS 0x000000062d400000| PB 0x000000062d400000| Untracked 
| 182|0x000000062d800000, 0x000000062d800000, 0x000000062dc00000|  0%| F|  |TAMS 0x000000062d800000| PB 0x000000062d800000| Untracked 
| 183|0x000000062dc00000, 0x000000062dc00000, 0x000000062e000000|  0%| F|  |TAMS 0x000000062dc00000| PB 0x000000062dc00000| Untracked 
| 184|0x000000062e000000, 0x000000062e000000, 0x000000062e400000|  0%| F|  |TAMS 0x000000062e000000| PB 0x000000062e000000| Untracked 
| 185|0x000000062e400000, 0x000000062e400000, 0x000000062e800000|  0%| F|  |TAMS 0x000000062e400000| PB 0x000000062e400000| Untracked 
| 186|0x000000062e800000, 0x000000062e800000, 0x000000062ec00000|  0%| F|  |TAMS 0x000000062e800000| PB 0x000000062e800000| Untracked 
| 187|0x000000062ec00000, 0x000000062ec00000, 0x000000062f000000|  0%| F|  |TAMS 0x000000062ec00000| PB 0x000000062ec00000| Untracked 
| 188|0x000000062f000000, 0x000000062f000000, 0x000000062f400000|  0%| F|  |TAMS 0x000000062f000000| PB 0x000000062f000000| Untracked 
| 189|0x000000062f400000, 0x000000062f400000, 0x000000062f800000|  0%| F|  |TAMS 0x000000062f400000| PB 0x000000062f400000| Untracked 
| 190|0x000000062f800000, 0x000000062f800000, 0x000000062fc00000|  0%| F|  |TAMS 0x000000062f800000| PB 0x000000062f800000| Untracked 
| 191|0x000000062fc00000, 0x000000062fc00000, 0x0000000630000000|  0%| F|  |TAMS 0x000000062fc00000| PB 0x000000062fc00000| Untracked 
| 192|0x0000000630000000, 0x0000000630000000, 0x0000000630400000|  0%| F|  |TAMS 0x0000000630000000| PB 0x0000000630000000| Untracked 
| 193|0x0000000630400000, 0x0000000630400000, 0x0000000630800000|  0%| F|  |TAMS 0x0000000630400000| PB 0x0000000630400000| Untracked 
| 194|0x0000000630800000, 0x0000000630800000, 0x0000000630c00000|  0%| F|  |TAMS 0x0000000630800000| PB 0x0000000630800000| Untracked 
| 195|0x0000000630c00000, 0x0000000630c00000, 0x0000000631000000|  0%| F|  |TAMS 0x0000000630c00000| PB 0x0000000630c00000| Untracked 
| 196|0x0000000631000000, 0x0000000631000000, 0x0000000631400000|  0%| F|  |TAMS 0x0000000631000000| PB 0x0000000631000000| Untracked 
| 197|0x0000000631400000, 0x0000000631400000, 0x0000000631800000|  0%| F|  |TAMS 0x0000000631400000| PB 0x0000000631400000| Untracked 
| 198|0x0000000631800000, 0x0000000631800000, 0x0000000631c00000|  0%| F|  |TAMS 0x0000000631800000| PB 0x0000000631800000| Untracked 
| 199|0x0000000631c00000, 0x0000000631c00000, 0x0000000632000000|  0%| F|  |TAMS 0x0000000631c00000| PB 0x0000000631c00000| Untracked 
| 200|0x0000000632000000, 0x0000000632000000, 0x0000000632400000|  0%| F|  |TAMS 0x0000000632000000| PB 0x0000000632000000| Untracked 
| 201|0x0000000632400000, 0x0000000632400000, 0x0000000632800000|  0%| F|  |TAMS 0x0000000632400000| PB 0x0000000632400000| Untracked 
| 202|0x0000000632800000, 0x0000000632800000, 0x0000000632c00000|  0%| F|  |TAMS 0x0000000632800000| PB 0x0000000632800000| Untracked 
| 203|0x0000000632c00000, 0x0000000632c00000, 0x0000000633000000|  0%| F|  |TAMS 0x0000000632c00000| PB 0x0000000632c00000| Untracked 
| 204|0x0000000633000000, 0x0000000633000000, 0x0000000633400000|  0%| F|  |TAMS 0x0000000633000000| PB 0x0000000633000000| Untracked 
| 205|0x0000000633400000, 0x0000000633400000, 0x0000000633800000|  0%| F|  |TAMS 0x0000000633400000| PB 0x0000000633400000| Untracked 
| 206|0x0000000633800000, 0x0000000633800000, 0x0000000633c00000|  0%| F|  |TAMS 0x0000000633800000| PB 0x0000000633800000| Untracked 
| 207|0x0000000633c00000, 0x0000000633c00000, 0x0000000634000000|  0%| F|  |TAMS 0x0000000633c00000| PB 0x0000000633c00000| Untracked 
| 208|0x0000000634000000, 0x0000000634000000, 0x0000000634400000|  0%| F|  |TAMS 0x0000000634000000| PB 0x0000000634000000| Untracked 
| 209|0x0000000634400000, 0x0000000634800000, 0x0000000634800000|100%| S|CS|TAMS 0x0000000634400000| PB 0x0000000634400000| Complete 
| 210|0x0000000634800000, 0x0000000634c00000, 0x0000000634c00000|100%| S|CS|TAMS 0x0000000634800000| PB 0x0000000634800000| Complete 
| 211|0x0000000634c00000, 0x0000000634c00000, 0x0000000635000000|  0%| F|  |TAMS 0x0000000634c00000| PB 0x0000000634c00000| Untracked 
| 212|0x0000000635000000, 0x0000000635000000, 0x0000000635400000|  0%| F|  |TAMS 0x0000000635000000| PB 0x0000000635000000| Untracked 
| 213|0x0000000635400000, 0x0000000635400000, 0x0000000635800000|  0%| F|  |TAMS 0x0000000635400000| PB 0x0000000635400000| Untracked 
| 214|0x0000000635800000, 0x0000000635800000, 0x0000000635c00000|  0%| F|  |TAMS 0x0000000635800000| PB 0x0000000635800000| Untracked 
| 215|0x0000000635c00000, 0x0000000635c00000, 0x0000000636000000|  0%| F|  |TAMS 0x0000000635c00000| PB 0x0000000635c00000| Untracked 
| 216|0x0000000636000000, 0x0000000636000000, 0x0000000636400000|  0%| F|  |TAMS 0x0000000636000000| PB 0x0000000636000000| Untracked 
| 217|0x0000000636400000, 0x0000000636400000, 0x0000000636800000|  0%| F|  |TAMS 0x0000000636400000| PB 0x0000000636400000| Untracked 
| 218|0x0000000636800000, 0x0000000636800000, 0x0000000636c00000|  0%| F|  |TAMS 0x0000000636800000| PB 0x0000000636800000| Untracked 
| 219|0x0000000636c00000, 0x0000000636c00000, 0x0000000637000000|  0%| F|  |TAMS 0x0000000636c00000| PB 0x0000000636c00000| Untracked 
| 220|0x0000000637000000, 0x0000000637000000, 0x0000000637400000|  0%| F|  |TAMS 0x0000000637000000| PB 0x0000000637000000| Untracked 
| 221|0x0000000637400000, 0x0000000637400000, 0x0000000637800000|  0%| F|  |TAMS 0x0000000637400000| PB 0x0000000637400000| Untracked 
| 222|0x0000000637800000, 0x0000000637800000, 0x0000000637c00000|  0%| F|  |TAMS 0x0000000637800000| PB 0x0000000637800000| Untracked 
|2043|0x00000007fec00000, 0x00000007fec00000, 0x00000007ff000000|  0%| F|  |TAMS 0x00000007fec00000| PB 0x00000007fec00000| Untracked 
|2044|0x00000007ff000000, 0x00000007ff400000, 0x00000007ff400000|100%| O|  |TAMS 0x00000007ff000000| PB 0x00000007ff000000| Untracked 
|2045|0x00000007ff400000, 0x00000007ff400000, 0x00000007ff800000|  0%| F|  |TAMS 0x00000007ff400000| PB 0x00000007ff400000| Untracked 
|2046|0x00000007ff800000, 0x00000007ff800000, 0x00000007ffc00000|  0%| F|  |TAMS 0x00000007ff800000| PB 0x00000007ff800000| Untracked 
|2047|0x00000007ffc00000, 0x00000007ffc00000, 0x0000000800000000|  0%| F|  |TAMS 0x00000007ffc00000| PB 0x00000007ffc00000| Untracked 

Card table byte_map: [0x000002015a2d0000,0x000002015b2d0000] _byte_map_base: 0x00000201572d0000

Marking Bits: (CMBitMap*) 0x0000020136070b80
 Bits: [0x000002015b2d0000, 0x00000201632d0000)

Polling page: 0x0000020133d10000

Metaspace:

Usage:
  Non-class:    140.26 MB used.
      Class:     20.77 MB used.
       Both:    161.03 MB used.

Virtual space:
  Non-class space:      192.00 MB reserved,     141.50 MB ( 74%) committed,  3 nodes.
      Class space:        1.00 GB reserved,      21.94 MB (  2%) committed,  1 nodes.
             Both:        1.19 GB reserved,     163.44 MB ( 13%) committed. 

Chunk freelists:
   Non-Class:  2.00 MB
       Class:  10.06 MB
        Both:  12.06 MB

MaxMetaspaceSize: 4.00 GB
CompressedClassSpaceSize: 1.00 GB
Initial GC threshold: 21.00 MB
Current GC threshold: 240.94 MB
CDS: on
 - commit_granule_bytes: 65536.
 - commit_granule_words: 8192.
 - virtual_space_node_default_size: 8388608.
 - enlarge_chunks_in_place: 1.
 - use_allocation_guard: 0.


Internal statistics:

num_allocs_failed_limit: 12.
num_arena_births: 4566.
num_arena_deaths: 0.
num_vsnodes_births: 4.
num_vsnodes_deaths: 0.
num_space_committed: 2613.
num_space_uncommitted: 0.
num_chunks_returned_to_freelist: 12.
num_chunks_taken_from_freelist: 11639.
num_chunk_merges: 12.
num_chunk_splits: 8068.
num_chunks_enlarged: 5655.
num_inconsistent_stats: 0.

CodeHeap 'non-profiled nmethods': size=259264Kb used=13948Kb max_used=13948Kb free=245315Kb
 bounds [0x0000020149490000, 0x000002014a230000, 0x00000201591c0000]
CodeHeap 'profiled nmethods': size=259264Kb used=57908Kb max_used=57908Kb free=201355Kb
 bounds [0x00000201391c0000, 0x000002013ca50000, 0x0000020148ef0000]
CodeHeap 'non-nmethods': size=5760Kb used=2318Kb max_used=2392Kb free=3441Kb
 bounds [0x0000020148ef0000, 0x0000020149160000, 0x0000020149490000]
CodeCache: size=524288Kb, used=74174Kb, max_used=74248Kb, free=450111Kb
 total_blobs=22821, nmethods=21681, adapters=1041, full_count=0
Compilation: enabled, stopped_count=0, restarted_count=0

Compilation events (20 events):
Event: 140.824 Thread 0x0000020163474ea0 nmethod 23246 0x000002013ca45290 code [0x000002013ca45440, 0x000002013ca456d8]
Event: 140.828 Thread 0x0000020163474ea0 23247       1       org.jetbrains.kotlin.gradle.plugin.sources.DefaultKotlinSourceSet::getKotlin (5 bytes)
Event: 140.828 Thread 0x0000020163474ea0 nmethod 23247 0x000002014a22f090 code [0x000002014a22f220, 0x000002014a22f2f0]
Event: 140.829 Thread 0x0000020163474ea0 23248       3       org.gradle.api.internal.file.DefaultFileCollectionFactory::resolving (9 bytes)
Event: 140.829 Thread 0x0000020163474ea0 nmethod 23248 0x000002013ca45790 code [0x000002013ca459a0, 0x000002013ca45fe0]
Event: 140.829 Thread 0x0000020163474ea0 23249       3       org.gradle.api.internal.file.collections.DirectoryFileTree::<init> (9 bytes)
Event: 140.830 Thread 0x0000020163474ea0 nmethod 23249 0x000002013ca46190 code [0x000002013ca46340, 0x000002013ca46638]
Event: 140.830 Thread 0x0000020163474ea0 23250       3       org.gradle.api.internal.file.collections.DefaultDirectoryFileTreeFactory::create (14 bytes)
Event: 140.831 Thread 0x0000020163474ea0 nmethod 23250 0x000002013ca46710 code [0x000002013ca468c0, 0x000002013ca46a70]
Event: 140.841 Thread 0x0000020163474ea0 23251       3       org.gradle.api.internal.plugins.ClassloaderBackedPluginDescriptorLocator::findPluginDescriptor (47 bytes)
Event: 140.842 Thread 0x0000020163474ea0 nmethod 23251 0x000002013ca46b10 code [0x000002013ca46d80, 0x000002013ca475b0]
Event: 140.851 Thread 0x0000020163474ea0 23252       3       org.gradle.api.internal.plugins.ClassloaderBackedPluginDescriptorLocator::<init> (10 bytes)
Event: 140.851 Thread 0x0000020163474ea0 nmethod 23252 0x000002013ca47910 code [0x000002013ca47ac0, 0x000002013ca47c80]
Event: 140.854 Thread 0x0000020163472f70 23253   !   4       java.lang.invoke.MethodHandleNatives::linkMethodHandleConstant (50 bytes)
Event: 140.854 Thread 0x0000020163474ea0 23254       3       java.lang.invoke.StringConcatFactory::classIndex (84 bytes)
Event: 140.855 Thread 0x0000020163474ea0 nmethod 23254 0x000002013ca47d90 code [0x000002013ca48040, 0x000002013ca48a28]
Event: 140.855 Thread 0x0000020163474ea0 23256       3       org.gradle.api.internal.plugins.DefaultPluginRegistry$1::load (9 bytes)
Event: 140.855 Thread 0x0000020163474ea0 nmethod 23256 0x000002013ca48d90 code [0x000002013ca48f40, 0x000002013ca49188]
Event: 140.855 Thread 0x0000020163474ea0 23257   !   3       org.gradle.api.internal.plugins.DefaultPluginRegistry$1::load (163 bytes)
Event: 140.858 Thread 0x0000020163474ea0 nmethod 23257 0x000002013ca49290 code [0x000002013ca497a0, 0x000002013ca4c378]

GC Heap History (20 events):
Event: 122.754 GC heap after
{Heap after GC invocations=46 (full 0):
 garbage-first heap   total 458752K, used 272154K [0x0000000600000000, 0x0000000800000000)
  region size 4096K, 6 young (24576K), 6 survivors (24576K)
 Metaspace       used 145324K, committed 147712K, reserved 1179648K
  class space    used 19033K, committed 20224K, reserved 1048576K
}
Event: 123.811 GC heap before
{Heap before GC invocations=46 (full 0):
 garbage-first heap   total 458752K, used 382746K [0x0000000600000000, 0x0000000800000000)
  region size 4096K, 33 young (135168K), 6 survivors (24576K)
 Metaspace       used 145596K, committed 147968K, reserved 1179648K
  class space    used 19044K, committed 20224K, reserved 1048576K
}
Event: 123.866 GC heap after
{Heap after GC invocations=47 (full 0):
 garbage-first heap   total 458752K, used 315147K [0x0000000600000000, 0x0000000800000000)
  region size 4096K, 5 young (20480K), 5 survivors (20480K)
 Metaspace       used 145596K, committed 147968K, reserved 1179648K
  class space    used 19044K, committed 20224K, reserved 1048576K
}
Event: 124.758 GC heap before
{Heap before GC invocations=48 (full 0):
 garbage-first heap   total 466944K, used 356107K [0x0000000600000000, 0x0000000800000000)
  region size 4096K, 24 young (98304K), 5 survivors (20480K)
 Metaspace       used 145741K, committed 148096K, reserved 1179648K
  class space    used 19045K, committed 20224K, reserved 1048576K
}
Event: 124.807 GC heap after
{Heap after GC invocations=49 (full 0):
 garbage-first heap   total 466944K, used 309248K [0x0000000600000000, 0x0000000800000000)
  region size 4096K, 3 young (12288K), 3 survivors (12288K)
 Metaspace       used 145741K, committed 148096K, reserved 1179648K
  class space    used 19045K, committed 20224K, reserved 1048576K
}
Event: 126.619 GC heap before
{Heap before GC invocations=49 (full 0):
 garbage-first heap   total 466944K, used 387072K [0x0000000600000000, 0x0000000800000000)
  region size 4096K, 23 young (94208K), 3 survivors (12288K)
 Metaspace       used 150944K, committed 153344K, reserved 1245184K
  class space    used 19611K, committed 20800K, reserved 1048576K
}
Event: 126.650 GC heap after
{Heap after GC invocations=50 (full 0):
 garbage-first heap   total 466944K, used 282624K [0x0000000600000000, 0x0000000800000000)
  region size 4096K, 3 young (12288K), 3 survivors (12288K)
 Metaspace       used 150944K, committed 153344K, reserved 1245184K
  class space    used 19611K, committed 20800K, reserved 1048576K
}
Event: 128.508 GC heap before
{Heap before GC invocations=50 (full 0):
 garbage-first heap   total 466944K, used 380928K [0x0000000600000000, 0x0000000800000000)
  region size 4096K, 28 young (114688K), 3 survivors (12288K)
 Metaspace       used 158239K, committed 160704K, reserved 1245184K
  class space    used 20561K, committed 21760K, reserved 1048576K
}
Event: 128.532 GC heap after
{Heap after GC invocations=51 (full 0):
 garbage-first heap   total 933888K, used 289297K [0x0000000600000000, 0x0000000800000000)
  region size 4096K, 3 young (12288K), 3 survivors (12288K)
 Metaspace       used 158239K, committed 160704K, reserved 1245184K
  class space    used 20561K, committed 21760K, reserved 1048576K
}
Event: 134.946 GC heap before
{Heap before GC invocations=51 (full 0):
 garbage-first heap   total 933888K, used 637457K [0x0000000600000000, 0x0000000800000000)
  region size 4096K, 89 young (364544K), 3 survivors (12288K)
 Metaspace       used 163054K, committed 165568K, reserved 1245184K
  class space    used 21120K, committed 22336K, reserved 1048576K
}
Event: 136.440 GC heap after
{Heap after GC invocations=52 (full 0):
 garbage-first heap   total 933888K, used 330523K [0x0000000600000000, 0x0000000800000000)
  region size 4096K, 12 young (49152K), 12 survivors (49152K)
 Metaspace       used 163054K, committed 165568K, reserved 1245184K
  class space    used 21120K, committed 22336K, reserved 1048576K
}
Event: 136.492 GC heap before
{Heap before GC invocations=52 (full 0):
 garbage-first heap   total 933888K, used 334619K [0x0000000600000000, 0x0000000800000000)
  region size 4096K, 13 young (53248K), 12 survivors (49152K)
 Metaspace       used 163054K, committed 165568K, reserved 1245184K
  class space    used 21120K, committed 22336K, reserved 1048576K
}
Event: 136.545 GC heap after
{Heap after GC invocations=53 (full 0):
 garbage-first heap   total 933888K, used 338567K [0x0000000600000000, 0x0000000800000000)
  region size 4096K, 2 young (8192K), 2 survivors (8192K)
 Metaspace       used 163054K, committed 165568K, reserved 1245184K
  class space    used 21120K, committed 22336K, reserved 1048576K
}
Event: 138.869 GC heap before
{Heap before GC invocations=53 (full 0):
 garbage-first heap   total 933888K, used 375431K [0x0000000600000000, 0x0000000800000000)
  region size 4096K, 11 young (45056K), 2 survivors (8192K)
 Metaspace       used 163208K, committed 165696K, reserved 1245184K
  class space    used 21131K, committed 22336K, reserved 1048576K
}
Event: 138.879 GC heap after
{Heap after GC invocations=54 (full 0):
 garbage-first heap   total 933888K, used 347683K [0x0000000600000000, 0x0000000800000000)
  region size 4096K, 2 young (8192K), 2 survivors (8192K)
 Metaspace       used 163208K, committed 165696K, reserved 1245184K
  class space    used 21131K, committed 22336K, reserved 1048576K
}
Event: 139.030 GC heap before
{Heap before GC invocations=54 (full 0):
 garbage-first heap   total 933888K, used 384547K [0x0000000600000000, 0x0000000800000000)
  region size 4096K, 11 young (45056K), 2 survivors (8192K)
 Metaspace       used 163225K, committed 165696K, reserved 1245184K
  class space    used 21131K, committed 22336K, reserved 1048576K
}
Event: 139.046 GC heap after
{Heap after GC invocations=55 (full 0):
 garbage-first heap   total 933888K, used 359502K [0x0000000600000000, 0x0000000800000000)
  region size 4096K, 2 young (8192K), 2 survivors (8192K)
 Metaspace       used 163225K, committed 165696K, reserved 1245184K
  class space    used 21131K, committed 22336K, reserved 1048576K
}
Event: 139.329 GC heap before
{Heap before GC invocations=55 (full 0):
 garbage-first heap   total 933888K, used 400462K [0x0000000600000000, 0x0000000800000000)
  region size 4096K, 12 young (49152K), 2 survivors (8192K)
 Metaspace       used 163330K, committed 165824K, reserved 1245184K
  class space    used 21133K, committed 22336K, reserved 1048576K
}
Event: 139.348 GC heap after
{Heap after GC invocations=56 (full 0):
 garbage-first heap   total 933888K, used 373262K [0x0000000600000000, 0x0000000800000000)
  region size 4096K, 2 young (8192K), 2 survivors (8192K)
 Metaspace       used 163330K, committed 165824K, reserved 1245184K
  class space    used 21133K, committed 22336K, reserved 1048576K
}
Event: 140.927 GC heap before
{Heap before GC invocations=56 (full 0):
 garbage-first heap   total 933888K, used 426510K [0x0000000600000000, 0x0000000800000000)
  region size 4096K, 16 young (65536K), 2 survivors (8192K)
 Metaspace       used 164894K, committed 167360K, reserved 1245184K
  class space    used 21264K, committed 22464K, reserved 1048576K
}

Dll operation events (15 events):
Event: 0.018 Loaded shared library C:\Users\PC\.antigravity\extensions\redhat.java-1.54.0-win32-x64\jre\21.0.10-win32-x86_64\bin\java.dll
Event: 0.535 Loaded shared library C:\Users\PC\.antigravity\extensions\redhat.java-1.54.0-win32-x64\jre\21.0.10-win32-x86_64\bin\zip.dll
Event: 0.880 Loaded shared library C:\Users\PC\.antigravity\extensions\redhat.java-1.54.0-win32-x64\jre\21.0.10-win32-x86_64\bin\instrument.dll
Event: 0.900 Loaded shared library C:\Users\PC\.antigravity\extensions\redhat.java-1.54.0-win32-x64\jre\21.0.10-win32-x86_64\bin\net.dll
Event: 0.916 Loaded shared library C:\Users\PC\.antigravity\extensions\redhat.java-1.54.0-win32-x64\jre\21.0.10-win32-x86_64\bin\nio.dll
Event: 0.948 Loaded shared library C:\Users\PC\.antigravity\extensions\redhat.java-1.54.0-win32-x64\jre\21.0.10-win32-x86_64\bin\zip.dll
Event: 3.917 Loaded shared library C:\Users\PC\.antigravity\extensions\redhat.java-1.54.0-win32-x64\jre\21.0.10-win32-x86_64\bin\jimage.dll
Event: 5.735 Loaded shared library C:\Users\PC\.antigravity\extensions\redhat.java-1.54.0-win32-x64\jre\21.0.10-win32-x86_64\bin\verify.dll
Event: 8.153 Loaded shared library C:\Users\PC\.gradle\native\1def1411415f61bf3af743bc5b6707747c0891f09f0c88961ee8f79bc544acac\windows-amd64\native-platform.dll
Event: 9.113 Loaded shared library C:\Users\PC\.gradle\native\0.2.8\x86_64-windows-gnu\gradle-fileevents.dll
Event: 22.878 Loaded shared library C:\Users\PC\.antigravity\extensions\redhat.java-1.54.0-win32-x64\jre\21.0.10-win32-x86_64\bin\management.dll
Event: 22.884 Loaded shared library C:\Users\PC\.antigravity\extensions\redhat.java-1.54.0-win32-x64\jre\21.0.10-win32-x86_64\bin\management_ext.dll
Event: 23.173 Loaded shared library C:\Users\PC\.antigravity\extensions\redhat.java-1.54.0-win32-x64\jre\21.0.10-win32-x86_64\bin\extnet.dll
Event: 23.674 Loaded shared library C:\Users\PC\.antigravity\extensions\redhat.java-1.54.0-win32-x64\jre\21.0.10-win32-x86_64\bin\sunmscapi.dll
Event: 76.890 Loaded shared library C:\Users\PC\.antigravity\extensions\redhat.java-1.54.0-win32-x64\jre\21.0.10-win32-x86_64\bin\rmi.dll

Deoptimization events (20 events):
Event: 140.542 Thread 0x00000201ac60b200 DEOPT PACKING pc=0x000002014a1bd11c sp=0x00000096608f3280
Event: 140.542 Thread 0x00000201ac60b200 DEOPT UNPACKING pc=0x0000020148f44422 sp=0x00000096608f3220 mode 2
Event: 140.542 Thread 0x00000201ac60b200 Uncommon trap: trap_request=0xffffffd6 fr.pc=0x000002014a1bd11c relative=0x000000000000033c
Event: 140.542 Thread 0x00000201ac60b200 Uncommon trap: reason=array_check action=maybe_recompile pc=0x000002014a1bd11c method=org.jetbrains.kotlin.it.unimi.dsi.fastutil.objects.Object2ObjectOpenHashMap.a(ILjava/lang/Object;Ljava/lang/Object;)V @ 19 c2
Event: 140.542 Thread 0x00000201ac60b200 DEOPT PACKING pc=0x000002014a1bd11c sp=0x00000096608f34f0
Event: 140.542 Thread 0x00000201ac60b200 DEOPT UNPACKING pc=0x0000020148f44422 sp=0x00000096608f3490 mode 2
Event: 140.618 Thread 0x00000201ac60b200 DEOPT PACKING pc=0x000002013c53b882 sp=0x00000096608f5560
Event: 140.618 Thread 0x00000201ac60b200 DEOPT UNPACKING pc=0x0000020148f44bc2 sp=0x00000096608f49e8 mode 0
Event: 140.630 Thread 0x00000201ac60b200 Uncommon trap: trap_request=0xffffff45 fr.pc=0x0000020149838330 relative=0x0000000000002330
Event: 140.630 Thread 0x00000201ac60b200 Uncommon trap: reason=unstable_if action=reinterpret pc=0x0000020149838330 method=java.lang.String.split(CIZ)[Ljava/lang/String; @ 184 c2
Event: 140.630 Thread 0x00000201ac60b200 DEOPT PACKING pc=0x0000020149838330 sp=0x00000096608f6270
Event: 140.630 Thread 0x00000201ac60b200 DEOPT UNPACKING pc=0x0000020148f44422 sp=0x00000096608f6240 mode 2
Event: 140.718 Thread 0x00000201ac60b200 DEOPT PACKING pc=0x000002013bf9307d sp=0x00000096608f4de0
Event: 140.718 Thread 0x00000201ac60b200 DEOPT UNPACKING pc=0x0000020148f44bc2 sp=0x00000096608f4318 mode 0
Event: 140.721 Thread 0x00000201ac60b200 DEOPT PACKING pc=0x000002013c106ca0 sp=0x00000096608f4d30
Event: 140.721 Thread 0x00000201ac60b200 DEOPT UNPACKING pc=0x0000020148f44bc2 sp=0x00000096608f4200 mode 0
Event: 140.748 Thread 0x00000201ac60b200 Uncommon trap: trap_request=0xffffffde fr.pc=0x0000020149a77b50 relative=0x00000000000003d0
Event: 140.748 Thread 0x00000201ac60b200 Uncommon trap: reason=class_check action=maybe_recompile pc=0x0000020149a77b50 method=java.lang.StringConcatHelper.stringOf(Ljava/lang/Object;)Ljava/lang/String; @ 5 c2
Event: 140.748 Thread 0x00000201ac60b200 DEOPT PACKING pc=0x0000020149a77b50 sp=0x00000096608f6460
Event: 140.748 Thread 0x00000201ac60b200 DEOPT UNPACKING pc=0x0000020148f44422 sp=0x00000096608f63a0 mode 2

Classes loaded (20 events):
Event: 127.076 Loading class java/util/Base64$Encoder
Event: 127.076 Loading class java/util/Base64$Encoder done
Event: 127.078 Loading class java/util/jar/JarVerifier$VerifierStream
Event: 127.079 Loading class java/util/jar/JarVerifier$VerifierStream done
Event: 127.079 Loading class sun/security/util/ManifestEntryVerifier$SunProviderHolder
Event: 127.079 Loading class sun/security/util/ManifestEntryVerifier$SunProviderHolder done
Event: 127.425 Loading class java/lang/foreign/ValueLayout
Event: 127.426 Loading class java/lang/foreign/MemoryLayout
Event: 127.426 Loading class java/lang/foreign/MemoryLayout done
Event: 127.426 Loading class java/lang/foreign/ValueLayout done
Event: 127.808 Loading class java/security/KeyStore
Event: 127.808 Loading class java/security/KeyStore done
Event: 129.346 Loading class org/xml/sax/Locator
Event: 129.346 Loading class org/xml/sax/Locator done
Event: 129.346 Loading class org/xml/sax/SAXParseException
Event: 129.346 Loading class org/xml/sax/SAXParseException done
Event: 129.349 Loading class org/xml/sax/Attributes
Event: 129.349 Loading class org/xml/sax/Attributes done
Event: 140.523 Loading class java/text/MessageFormat$Field
Event: 140.524 Loading class java/text/MessageFormat$Field done

Classes unloaded (0 events):
No events

Classes redefined (0 events):
No events

Internal exceptions (20 events):
Event: 132.312 Thread 0x00000201ac60b200 Exception <a 'sun/nio/fs/WindowsException'{0x0000000629c8cf10}> (0x0000000629c8cf10) 
thrown [s\src\hotspot\share\prims\jni.cpp, line 520]
Event: 132.319 Thread 0x00000201ac60b200 Exception <a 'sun/nio/fs/WindowsException'{0x0000000629c969c8}> (0x0000000629c969c8) 
thrown [s\src\hotspot\share\prims\jni.cpp, line 520]
Event: 132.322 Thread 0x00000201ac60b200 Exception <a 'sun/nio/fs/WindowsException'{0x0000000629c9da30}> (0x0000000629c9da30) 
thrown [s\src\hotspot\share\prims\jni.cpp, line 520]
Event: 134.254 Thread 0x00000201ac60b200 Exception <a 'sun/nio/fs/WindowsException'{0x0000000628b0ce40}> (0x0000000628b0ce40) 
thrown [s\src\hotspot\share\prims\jni.cpp, line 520]
Event: 134.255 Thread 0x00000201ac60b200 Exception <a 'sun/nio/fs/WindowsException'{0x0000000628b0f2b8}> (0x0000000628b0f2b8) 
thrown [s\src\hotspot\share\prims\jni.cpp, line 520]
Event: 139.511 Thread 0x00000201ac60b200 Implicit null exception at 0x0000020149bb69ca to 0x0000020149bb6b40
Event: 140.340 Thread 0x00000201ac60b200 Exception <a 'java/lang/NoSuchMethodError'{0x0000000636013d10}: 'java.lang.Object java.lang.invoke.DirectMethodHandle$Holder.invokeStatic(java.lang.Object, java.lang.Object, java.lang.Object, java.lang.Object, java.lang.Object, int)'> (0x0000000636013d10) 
thrown [s\src\hotspot\share\interpreter\linkResolver.cpp, line 773]
Event: 140.549 Thread 0x00000201ac60b200 Exception <a 'sun/nio/fs/WindowsException'{0x0000000636300d28}> (0x0000000636300d28) 
thrown [s\src\hotspot\share\prims\jni.cpp, line 520]
Event: 140.551 Thread 0x00000201ac60b200 Exception <a 'sun/nio/fs/WindowsException'{0x0000000636302ee0}> (0x0000000636302ee0) 
thrown [s\src\hotspot\share\prims\jni.cpp, line 520]
Event: 140.553 Thread 0x00000201ac60b200 Exception <a 'sun/nio/fs/WindowsException'{0x000000063630db90}> (0x000000063630db90) 
thrown [s\src\hotspot\share\prims\jni.cpp, line 520]
Event: 140.555 Thread 0x00000201ac60b200 Exception <a 'sun/nio/fs/WindowsException'{0x000000063631ba28}> (0x000000063631ba28) 
thrown [s\src\hotspot\share\prims\jni.cpp, line 520]
Event: 140.557 Thread 0x00000201ac60b200 Exception <a 'sun/nio/fs/WindowsException'{0x0000000636324968}> (0x0000000636324968) 
thrown [s\src\hotspot\share\prims\jni.cpp, line 520]
Event: 140.559 Thread 0x00000201ac60b200 Exception <a 'sun/nio/fs/WindowsException'{0x000000063632fa70}> (0x000000063632fa70) 
thrown [s\src\hotspot\share\prims\jni.cpp, line 520]
Event: 140.561 Thread 0x00000201ac60b200 Exception <a 'sun/nio/fs/WindowsException'{0x00000006363389e0}> (0x00000006363389e0) 
thrown [s\src\hotspot\share\prims\jni.cpp, line 520]
Event: 140.563 Thread 0x00000201ac60b200 Exception <a 'sun/nio/fs/WindowsException'{0x0000000636342270}> (0x0000000636342270) 
thrown [s\src\hotspot\share\prims\jni.cpp, line 520]
Event: 140.565 Thread 0x00000201ac60b200 Exception <a 'sun/nio/fs/WindowsException'{0x000000063634add0}> (0x000000063634add0) 
thrown [s\src\hotspot\share\prims\jni.cpp, line 520]
Event: 140.569 Thread 0x00000201ac60b200 Exception <a 'sun/nio/fs/WindowsException'{0x0000000636367f28}> (0x0000000636367f28) 
thrown [s\src\hotspot\share\prims\jni.cpp, line 520]
Event: 140.571 Thread 0x00000201ac60b200 Exception <a 'sun/nio/fs/WindowsException'{0x000000063636fad8}> (0x000000063636fad8) 
thrown [s\src\hotspot\share\prims\jni.cpp, line 520]
Event: 140.574 Thread 0x00000201ac60b200 Exception <a 'sun/nio/fs/WindowsException'{0x00000006363844e8}> (0x00000006363844e8) 
thrown [s\src\hotspot\share\prims\jni.cpp, line 520]
Event: 140.578 Thread 0x00000201ac60b200 Exception <a 'sun/nio/fs/WindowsException'{0x000000063638bd78}> (0x000000063638bd78) 
thrown [s\src\hotspot\share\prims\jni.cpp, line 520]

ZGC Phase Switch (0 events):
No events

VM Operations (20 events):
Event: 138.172 Executing non-safepoint VM operation: HandshakeAllThreads (Deoptimize) done
Event: 138.869 Executing safepoint VM operation: G1CollectForAllocation (G1 Evacuation Pause)
Event: 138.879 Executing safepoint VM operation: G1CollectForAllocation (G1 Evacuation Pause) done
Event: 139.030 Executing safepoint VM operation: G1CollectForAllocation (G1 Evacuation Pause)
Event: 139.047 Executing safepoint VM operation: G1CollectForAllocation (G1 Evacuation Pause) done
Event: 139.290 Executing non-safepoint VM operation: HandshakeAllThreads (Deoptimize)
Event: 139.290 Executing non-safepoint VM operation: HandshakeAllThreads (Deoptimize) done
Event: 139.329 Executing safepoint VM operation: G1CollectForAllocation (G1 Evacuation Pause)
Event: 139.348 Executing safepoint VM operation: G1CollectForAllocation (G1 Evacuation Pause) done
Event: 139.779 Executing safepoint VM operation: ICBufferFull
Event: 139.779 Executing safepoint VM operation: ICBufferFull done
Event: 139.930 Executing non-safepoint VM operation: HandshakeAllThreads (Deoptimize)
Event: 139.930 Executing non-safepoint VM operation: HandshakeAllThreads (Deoptimize) done
Event: 139.936 Executing non-safepoint VM operation: HandshakeAllThreads (Deoptimize)
Event: 139.936 Executing non-safepoint VM operation: HandshakeAllThreads (Deoptimize) done
Event: 140.148 Executing safepoint VM operation: ICBufferFull
Event: 140.148 Executing safepoint VM operation: ICBufferFull done
Event: 140.391 Executing safepoint VM operation: ICBufferFull
Event: 140.391 Executing safepoint VM operation: ICBufferFull done
Event: 140.927 Executing safepoint VM operation: G1CollectForAllocation (G1 Evacuation Pause)

Memory protections (0 events):
No events

Nmethod flushes (20 events):
Event: 124.350 Thread 0x000002016344fe20 flushing  nmethod 0x00000201397c0210
Event: 124.350 Thread 0x000002016344fe20 flushing  nmethod 0x0000020139a9e710
Event: 124.350 Thread 0x000002016344fe20 flushing  nmethod 0x0000020139a9fb10
Event: 124.350 Thread 0x000002016344fe20 flushing  nmethod 0x0000020139b2c110
Event: 124.350 Thread 0x000002016344fe20 flushing  nmethod 0x0000020139b78890
Event: 124.350 Thread 0x000002016344fe20 flushing  nmethod 0x0000020139c04d10
Event: 124.350 Thread 0x000002016344fe20 flushing  nmethod 0x0000020139c53590
Event: 124.350 Thread 0x000002016344fe20 flushing  nmethod 0x0000020139c55f10
Event: 124.350 Thread 0x000002016344fe20 flushing  nmethod 0x0000020139c56d90
Event: 124.350 Thread 0x000002016344fe20 flushing  nmethod 0x0000020139c59810
Event: 124.350 Thread 0x000002016344fe20 flushing  nmethod 0x0000020139c5bf90
Event: 124.350 Thread 0x000002016344fe20 flushing  nmethod 0x000002013a00d810
Event: 124.350 Thread 0x000002016344fe20 flushing  nmethod 0x000002013a109110
Event: 124.350 Thread 0x000002016344fe20 flushing  nmethod 0x000002013a1f9d90
Event: 124.350 Thread 0x000002016344fe20 flushing  nmethod 0x000002013a209610
Event: 124.350 Thread 0x000002016344fe20 flushing  nmethod 0x000002013a288f90
Event: 124.350 Thread 0x000002016344fe20 flushing  nmethod 0x000002013a562610
Event: 124.350 Thread 0x000002016344fe20 flushing  nmethod 0x000002013a562b10
Event: 124.350 Thread 0x000002016344fe20 flushing  nmethod 0x000002013a563d90
Event: 124.350 Thread 0x000002016344fe20 flushing osr nmethod 0x000002013a57d890

Events (20 events):
Event: 123.232 Thread 0x00000201ac60b200 Thread added: 0x00000201b60a54f0
Event: 123.233 Thread 0x00000201ac60b200 Thread added: 0x00000201b60a4140
Event: 123.244 Thread 0x00000201ac60b200 Thread added: 0x00000201b60a2700
Event: 123.245 Thread 0x00000201ac60b200 Thread added: 0x00000201b60a19e0
Event: 123.245 Thread 0x00000201ac60b200 Thread added: 0x00000201b60a1350
Event: 123.296 Thread 0x00000201ac60b200 Thread added: 0x00000201b60a68a0
Event: 123.296 Thread 0x00000201ac60b200 Thread added: 0x00000201b60a2070
Event: 123.297 Thread 0x00000201ac60b200 Thread added: 0x00000201b60a2d90
Event: 125.754 Thread 0x00000201c5977730 Thread exited: 0x00000201c5977730
Event: 126.780 Thread 0x0000020163474ea0 Thread added: 0x00000201c60686d0
Event: 128.571 Thread 0x00000201ac60b200 Thread added: 0x00000201ad578f30
Event: 128.675 Thread 0x00000201c60686d0 Thread exited: 0x00000201c60686d0
Event: 129.348 Thread 0x0000020163474ea0 Thread added: 0x00000201b6b2aff0
Event: 129.660 Thread 0x00000201b6b2aff0 Thread exited: 0x00000201b6b2aff0
Event: 129.682 Thread 0x0000020163474ea0 Thread added: 0x00000201b6b2f410
Event: 130.896 Thread 0x00000201b6b2f410 Thread exited: 0x00000201b6b2f410
Event: 131.090 Thread 0x0000020163474ea0 Thread added: 0x00000201b6b294b0
Event: 138.173 Thread 0x00000201b6b294b0 Thread exited: 0x00000201b6b294b0
Event: 139.198 Thread 0x0000020163474ea0 Thread added: 0x00000201b6b2d200
Event: 140.522 Thread 0x00000201b6b2d200 Thread exited: 0x00000201b6b2d200


Dynamic libraries:
0x00007ff725ec0000 - 0x00007ff725ece000 	C:\Users\PC\.antigravity\extensions\redhat.java-1.54.0-win32-x64\jre\21.0.10-win32-x86_64\bin\java.exe
0x00007ffec11f0000 - 0x00007ffec13e8000 	C:\Windows\SYSTEM32\ntdll.dll
0x00007ffebf820000 - 0x00007ffebf8e2000 	C:\Windows\System32\KERNEL32.DLL
0x00007ffebee60000 - 0x00007ffebf156000 	C:\Windows\System32\KERNELBASE.dll
0x00007ffebe9e0000 - 0x00007ffebeae0000 	C:\Windows\System32\ucrtbase.dll
0x00007ffe9d5c0000 - 0x00007ffe9d5de000 	C:\Users\PC\.antigravity\extensions\redhat.java-1.54.0-win32-x64\jre\21.0.10-win32-x86_64\bin\VCRUNTIME140.dll
0x00007ffe8d940000 - 0x00007ffe8d958000 	C:\Users\PC\.antigravity\extensions\redhat.java-1.54.0-win32-x64\jre\21.0.10-win32-x86_64\bin\jli.dll
0x00007ffebf380000 - 0x00007ffebf521000 	C:\Windows\System32\USER32.dll
0x00007ffebe850000 - 0x00007ffebe872000 	C:\Windows\System32\win32u.dll
0x00007ffebf8f0000 - 0x00007ffebf91b000 	C:\Windows\System32\GDI32.dll
0x00007ffebebc0000 - 0x00007ffebecd9000 	C:\Windows\System32\gdi32full.dll
0x00007ffebed10000 - 0x00007ffebedad000 	C:\Windows\System32\msvcp_win.dll
0x00007ffeb13f0000 - 0x00007ffeb168b000 	C:\Windows\WinSxS\amd64_microsoft.windows.common-controls_6595b64144ccf1df_6.0.19041.6456_none_60b8a6cb71f64256\COMCTL32.dll
0x00007ffebf780000 - 0x00007ffebf81e000 	C:\Windows\System32\msvcrt.dll
0x00007ffec0930000 - 0x00007ffec095f000 	C:\Windows\System32\IMM32.DLL
0x00007ffebd050000 - 0x00007ffebd081000 	C:\Windows\system32\nvinitx.dll
0x00007ffec0b60000 - 0x00007ffec0c11000 	C:\Windows\System32\ADVAPI32.dll
0x00007ffec0a40000 - 0x00007ffec0adf000 	C:\Windows\System32\sechost.dll
0x00007ffebf260000 - 0x00007ffebf380000 	C:\Windows\System32\RPCRT4.dll
0x00007ffebece0000 - 0x00007ffebed07000 	C:\Windows\System32\bcrypt.dll
0x00007ffebd040000 - 0x00007ffebd04a000 	C:\Windows\SYSTEM32\VERSION.dll
0x00007ffebb080000 - 0x00007ffebb08c000 	C:\Users\PC\.antigravity\extensions\redhat.java-1.54.0-win32-x64\jre\21.0.10-win32-x86_64\bin\vcruntime140_1.dll
0x00007ffe503d0000 - 0x00007ffe5045d000 	C:\Users\PC\.antigravity\extensions\redhat.java-1.54.0-win32-x64\jre\21.0.10-win32-x86_64\bin\msvcp140.dll
0x00007ffe49cd0000 - 0x00007ffe4aa71000 	C:\Users\PC\.antigravity\extensions\redhat.java-1.54.0-win32-x64\jre\21.0.10-win32-x86_64\bin\server\jvm.dll
0x00007ffec0db0000 - 0x00007ffec0e1b000 	C:\Windows\System32\WS2_32.dll
0x00007ffebdd50000 - 0x00007ffebdd9b000 	C:\Windows\SYSTEM32\POWRPROF.dll
0x00007ffeb4390000 - 0x00007ffeb43b7000 	C:\Windows\SYSTEM32\WINMM.dll
0x00007ffebdc10000 - 0x00007ffebdc22000 	C:\Windows\SYSTEM32\UMPDC.dll
0x00007ffebc810000 - 0x00007ffebc822000 	C:\Windows\SYSTEM32\kernel.appcore.dll
0x00007ffe9ebd0000 - 0x00007ffe9ebda000 	C:\Users\PC\.antigravity\extensions\redhat.java-1.54.0-win32-x64\jre\21.0.10-win32-x86_64\bin\jimage.dll
0x00007ffead580000 - 0x00007ffead781000 	C:\Windows\SYSTEM32\DBGHELP.DLL
0x00007ffeb32c0000 - 0x00007ffeb32f4000 	C:\Windows\SYSTEM32\dbgcore.DLL
0x00007ffebeae0000 - 0x00007ffebeb62000 	C:\Windows\System32\bcryptPrimitives.dll
0x00007ffe9a920000 - 0x00007ffe9a92f000 	C:\Users\PC\.antigravity\extensions\redhat.java-1.54.0-win32-x64\jre\21.0.10-win32-x86_64\bin\instrument.dll
0x00007ffe8d7c0000 - 0x00007ffe8d7e0000 	C:\Users\PC\.antigravity\extensions\redhat.java-1.54.0-win32-x64\jre\21.0.10-win32-x86_64\bin\java.dll
0x00007ffebf920000 - 0x00007ffec0090000 	C:\Windows\System32\SHELL32.dll
0x00007ffebc830000 - 0x00007ffebcfd5000 	C:\Windows\SYSTEM32\windows.storage.dll
0x00007ffec0e20000 - 0x00007ffec1174000 	C:\Windows\System32\combase.dll
0x00007ffebe1a0000 - 0x00007ffebe1cb000 	C:\Windows\SYSTEM32\Wldp.dll
0x00007ffec00f0000 - 0x00007ffec01bd000 	C:\Windows\System32\OLEAUT32.dll
0x00007ffebf640000 - 0x00007ffebf6ed000 	C:\Windows\System32\SHCORE.dll
0x00007ffec0b00000 - 0x00007ffec0b5b000 	C:\Windows\System32\shlwapi.dll
0x00007ffebe780000 - 0x00007ffebe7a4000 	C:\Windows\SYSTEM32\profapi.dll
0x00007ffe8d7a0000 - 0x00007ffe8d7b8000 	C:\Users\PC\.antigravity\extensions\redhat.java-1.54.0-win32-x64\jre\21.0.10-win32-x86_64\bin\zip.dll
0x00007ffe986e0000 - 0x00007ffe986f0000 	C:\Users\PC\.antigravity\extensions\redhat.java-1.54.0-win32-x64\jre\21.0.10-win32-x86_64\bin\net.dll
0x00007ffeb5050000 - 0x00007ffeb515a000 	C:\Windows\SYSTEM32\WINHTTP.dll
0x00007ffebdf80000 - 0x00007ffebdfea000 	C:\Windows\system32\mswsock.dll
0x00007ffe8d780000 - 0x00007ffe8d796000 	C:\Users\PC\.antigravity\extensions\redhat.java-1.54.0-win32-x64\jre\21.0.10-win32-x86_64\bin\nio.dll
0x00007ffe98480000 - 0x00007ffe98490000 	C:\Users\PC\.antigravity\extensions\redhat.java-1.54.0-win32-x64\jre\21.0.10-win32-x86_64\bin\verify.dll
0x00007ffe894b0000 - 0x00007ffe894d7000 	C:\Users\PC\.gradle\native\1def1411415f61bf3af743bc5b6707747c0891f09f0c88961ee8f79bc544acac\windows-amd64\native-platform.dll
0x00007ffe6f670000 - 0x00007ffe6f6e7000 	C:\Users\PC\.gradle\native\0.2.8\x86_64-windows-gnu\gradle-fileevents.dll
0x00007ffe97830000 - 0x00007ffe9783a000 	C:\Users\PC\.antigravity\extensions\redhat.java-1.54.0-win32-x64\jre\21.0.10-win32-x86_64\bin\management.dll
0x00007ffe975e0000 - 0x00007ffe975ec000 	C:\Users\PC\.antigravity\extensions\redhat.java-1.54.0-win32-x64\jre\21.0.10-win32-x86_64\bin\management_ext.dll
0x00007ffec0920000 - 0x00007ffec0928000 	C:\Windows\System32\PSAPI.DLL
0x00007ffebdc30000 - 0x00007ffebdc6b000 	C:\Windows\SYSTEM32\IPHLPAPI.DLL
0x00007ffec04a0000 - 0x00007ffec04a8000 	C:\Windows\System32\NSI.dll
0x00007ffe96940000 - 0x00007ffe96949000 	C:\Users\PC\.antigravity\extensions\redhat.java-1.54.0-win32-x64\jre\21.0.10-win32-x86_64\bin\extnet.dll
0x00007ffebe4e0000 - 0x00007ffebe4f8000 	C:\Windows\SYSTEM32\CRYPTSP.dll
0x00007ffebd850000 - 0x00007ffebd888000 	C:\Windows\system32\rsaenh.dll
0x00007ffebe700000 - 0x00007ffebe72e000 	C:\Windows\SYSTEM32\USERENV.dll
0x00007ffebe110000 - 0x00007ffebe11c000 	C:\Windows\SYSTEM32\CRYPTBASE.dll
0x00007ffe969e0000 - 0x00007ffe969ee000 	C:\Users\PC\.antigravity\extensions\redhat.java-1.54.0-win32-x64\jre\21.0.10-win32-x86_64\bin\sunmscapi.dll
0x00007ffebe880000 - 0x00007ffebe9dd000 	C:\Windows\System32\CRYPT32.dll
0x00007ffebe210000 - 0x00007ffebe237000 	C:\Windows\SYSTEM32\ncrypt.dll
0x00007ffebe1d0000 - 0x00007ffebe20b000 	C:\Windows\SYSTEM32\NTASN1.dll
0x00007ffe9c9f0000 - 0x00007ffe9c9f7000 	C:\Windows\system32\wshunix.dll
0x00007ffeb8810000 - 0x00007ffeb8817000 	C:\Users\PC\.antigravity\extensions\redhat.java-1.54.0-win32-x64\jre\21.0.10-win32-x86_64\bin\rmi.dll

JVMTI agents:
C:\Users\PC\.gradle\wrapper\dists\gradle-9.0.0-all\bslsdt4hlv6gkyka2jcuzrejl\gradle-9.0.0\lib\agents\gradle-instrumentation-agent-9.0.0.jar path:C:\Users\PC\.antigravity\extensions\redhat.java-1.54.0-win32-x64\jre\21.0.10-win32-x86_64\bin\instrument.dll, loaded, initialized, instrumentlib options:none

dbghelp: loaded successfully - version: 4.0.5 - missing functions: none
symbol engine: initialized successfully - sym options: 0x614 - pdb path: .;C:\Users\PC\.antigravity\extensions\redhat.java-1.54.0-win32-x64\jre\21.0.10-win32-x86_64\bin;C:\Windows\SYSTEM32;C:\Windows\WinSxS\amd64_microsoft.windows.common-controls_6595b64144ccf1df_6.0.19041.6456_none_60b8a6cb71f64256;C:\Users\PC\.antigravity\extensions\redhat.java-1.54.0-win32-x64\jre\21.0.10-win32-x86_64\bin\server;C:\Users\PC\.gradle\native\1def1411415f61bf3af743bc5b6707747c0891f09f0c88961ee8f79bc544acac\windows-amd64;C:\Users\PC\.gradle\native\0.2.8\x86_64-windows-gnu

VM Arguments:
jvm_args: --add-opens=java.base/java.lang=ALL-UNNAMED --add-opens=java.base/java.lang.invoke=ALL-UNNAMED --add-opens=java.base/java.util=ALL-UNNAMED --add-opens=java.prefs/java.util.prefs=ALL-UNNAMED --add-exports=jdk.compiler/com.sun.tools.javac.api=ALL-UNNAMED --add-exports=jdk.compiler/com.sun.tools.javac.util=ALL-UNNAMED --add-opens=java.base/java.util=ALL-UNNAMED --add-opens=java.prefs/java.util.prefs=ALL-UNNAMED --add-opens=java.base/java.nio.charset=ALL-UNNAMED --add-opens=java.base/java.net=ALL-UNNAMED --add-opens=java.base/java.util.concurrent=ALL-UNNAMED --add-opens=java.base/java.util.concurrent.atomic=ALL-UNNAMED --add-opens=java.xml/javax.xml.namespace=ALL-UNNAMED -XX:MaxMetaspaceSize=4G -XX:ReservedCodeCacheSize=512m -XX:+HeapDumpOnOutOfMemoryError -Xmx8G -Dfile.encoding=UTF-8 -Duser.country=FR -Duser.language=fr -Duser.variant -javaagent:C:\Users\PC\.gradle\wrapper\dists\gradle-9.0.0-all\bslsdt4hlv6gkyka2jcuzrejl\gradle-9.0.0\lib\agents\gradle-instrumentation-agent-9.0.0.jar 
java_command: org.gradle.launcher.daemon.bootstrap.GradleDaemon 9.0.0
java_class_path (initial): C:\Users\PC\.gradle\wrapper\dists\gradle-9.0.0-all\bslsdt4hlv6gkyka2jcuzrejl\gradle-9.0.0\lib\gradle-daemon-main-9.0.0.jar
Launcher Type: SUN_STANDARD

[Global flags]
     intx CICompilerCount                          = 3                                         {product} {ergonomic}
     uint ConcGCThreads                            = 1                                         {product} {ergonomic}
     uint G1ConcRefinementThreads                  = 4                                         {product} {ergonomic}
   size_t G1HeapRegionSize                         = 4194304                                   {product} {ergonomic}
    uintx GCDrainStackTargetSize                   = 64                                        {product} {ergonomic}
     bool HeapDumpOnOutOfMemoryError               = true                                   {manageable} {command line}
   size_t InitialHeapSize                          = 134217728                                 {product} {ergonomic}
   size_t MarkStackSize                            = 4194304                                   {product} {ergonomic}
   size_t MaxHeapSize                              = 8589934592                                {product} {command line}
   size_t MaxMetaspaceSize                         = 4294967296                                {product} {command line}
   size_t MaxNewSize                               = 5150605312                                {product} {ergonomic}
   size_t MinHeapDeltaBytes                        = 4194304                                   {product} {ergonomic}
   size_t MinHeapSize                              = 8388608                                   {product} {ergonomic}
    uintx NonNMethodCodeHeapSize                   = 5832780                                {pd product} {ergonomic}
    uintx NonProfiledCodeHeapSize                  = 265519066                              {pd product} {ergonomic}
    uintx ProfiledCodeHeapSize                     = 265519066                              {pd product} {ergonomic}
    uintx ReservedCodeCacheSize                    = 536870912                              {pd product} {command line}
     bool SegmentedCodeCache                       = true                                      {product} {ergonomic}
   size_t SoftMaxHeapSize                          = 8589934592                             {manageable} {ergonomic}
     bool UseCompressedOops                        = true                           {product lp64_product} {ergonomic}
     bool UseG1GC                                  = true                                      {product} {ergonomic}
     bool UseLargePagesIndividualAllocation        = false                                  {pd product} {ergonomic}

Logging:
Log output configuration:
 #0: stdout all=warning uptime,level,tags foldmultilines=false
 #1: stderr all=off uptime,level,tags foldmultilines=false

Release file:
JAVA_VERSION="21.0.10" 
MODULES="java.base java.compiler java.datatransfer java.xml java.prefs java.desktop java.instrument java.logging java.management java.security.sasl java.naming java.rmi java.management.rmi java.net.http java.scripting java.security.jgss java.transaction.xa java.sql java.sql.rowset java.xml.crypto java.se java.smartcardio jdk.accessibility jdk.internal.jvmstat jdk.attach jdk.charsets jdk.internal.opt jdk.zipfs jdk.compiler jdk.crypto.ec jdk.crypto.cryptoki jdk.crypto.mscapi jdk.dynalink jdk.internal.ed jdk.editpad jdk.hotspot.agent jdk.httpserver jdk.internal.le jdk.internal.vm.ci jdk.internal.vm.compiler jdk.internal.vm.compiler.management jdk.jartool jdk.javadoc jdk.jcmd jdk.management jdk.management.agent jdk.jconsole jdk.jdeps jdk.jdwp.agent jdk.jdi jdk.jfr jdk.jshell jdk.jsobject jdk.jstatd jdk.localedata jdk.management.jfr jdk.naming.dns jdk.naming.rmi jdk.net jdk.nio.mapmode jdk.random jdk.sctp jdk.security.auth jdk.security.jgss jdk.unsupported jdk.unsupported.desktop jdk.xml.dom" 

Environment Variables:
PATH=C:\Program Files\Eclipse Adoptium\jdk-17.0.18.8-hotspot\bin;C:\Windows\system32;C:\Windows;C:\Windows\System32\Wbem;C:\Windows\System32\WindowsPowerShell\v1.0\;C:\Windows\System32\OpenSSH\;C:\Program Files (x86)\dotnet\;C:\Program Files\Git\cmd;C:\Program Files\gettext-iconv\bin;C:\Program Files\Go\bin;C:\Program Files\dotnet\;C:\Program Files\nodejs\;C:\Program Files\Memurai\;C:\Program Files\PuTTY\;C:\Program Files\WireGuard\;C:\Program Files (x86)\Bitvise SSH Client;C:\Python\Python312\Scripts\;C:\Python\Python312\;C:\Users\PC\AppData\Local\Microsoft\WindowsApps;C:\Users\PC\go\bin;C:\Users\PC\AppData\Local\Programs\Antigravity\bin;C:\Users\PC\.dotnet\tools;C:\Users\PC\AppData\Roaming\npm
USERNAME=PC
OS=Windows_NT
PROCESSOR_IDENTIFIER=Intel64 Family 6 Model 60 Stepping 3, GenuineIntel
TMP=C:\Users\PC\AppData\Local\Temp
TEMP=C:\Users\PC\AppData\Local\Temp




Periodic native trim disabled

---------------  S Y S T E M  ---------------

OS:
 Windows 10 , 64 bit Build 19041 (10.0.19041.5915)
OS uptime: 5 days 1:12 hours
Hyper-V role detected

CPU: total 4 (initial active 4) (2 cores per cpu, 2 threads per core) family 6 model 60 stepping 3 microcode 0x28, cx8, cmov, fxsr, ht, mmx, sse, sse2, sse3, ssse3, sse4.1, sse4.2, popcnt, lzcnt, tsc, tscinvbit, avx, avx2, aes, erms, clmul, bmi1, bmi2, fma, vzeroupper, clflush, hv, rdtscp, f16c
Processor Information for the first 4 processors :
  Max Mhz: 2601, Current Mhz: 2601, Mhz Limit: 2601

Memory: 4k page, system-wide physical 8089M (452M free)
TotalPageFile size 21043M (AvailPageFile size 284M)
current process WorkingSet (physical memory assigned to process): 1171M, peak: 1176M
current process commit charge ("private bytes"): 1401M, peak: 2785M

vm_info: OpenJDK 64-Bit Server VM (21.0.10+7-LTS) for windows-amd64 JRE (21.0.10+7-LTS), built on 2026-01-20T00:00:00Z by "admin" with MS VC++ 17.12 (VS2022)

END.
